[2025-09-09T10:17:59.067+0530] {processor.py:161} INFO - Started process (PID=6239) to work on /home/sparshgoyal/airflow_weather/venv/lib/python3.12/site-packages/airflow/example_dags/example_trigger_controller_dag.py
[2025-09-09T10:17:59.068+0530] {processor.py:830} INFO - Processing file /home/sparshgoyal/airflow_weather/venv/lib/python3.12/site-packages/airflow/example_dags/example_trigger_controller_dag.py for tasks to queue
[2025-09-09T10:17:59.070+0530] {logging_mixin.py:188} INFO - [2025-09-09T10:17:59.069+0530] {dagbag.py:545} INFO - Filling up the DagBag from /home/sparshgoyal/airflow_weather/venv/lib/python3.12/site-packages/airflow/example_dags/example_trigger_controller_dag.py
[2025-09-09T10:17:59.114+0530] {processor.py:840} INFO - DAG(s) 'example_trigger_controller_dag' retrieved from /home/sparshgoyal/airflow_weather/venv/lib/python3.12/site-packages/airflow/example_dags/example_trigger_controller_dag.py
[2025-09-09T10:17:59.260+0530] {logging_mixin.py:188} INFO - [2025-09-09T10:17:59.259+0530] {dag.py:3096} INFO - Sync 1 DAGs
[2025-09-09T10:17:59.278+0530] {logging_mixin.py:188} INFO - [2025-09-09T10:17:59.278+0530] {dag.py:3954} INFO - Setting next_dagrun for example_trigger_controller_dag to 2021-01-01 00:00:00+00:00, run_after=2021-01-01 00:00:00+00:00
[2025-09-09T10:17:59.367+0530] {processor.py:183} INFO - Processing /home/sparshgoyal/airflow_weather/venv/lib/python3.12/site-packages/airflow/example_dags/example_trigger_controller_dag.py took 0.309 seconds
[2025-09-09T10:19:15.237+0530] {processor.py:161} INFO - Started process (PID=6330) to work on /home/sparshgoyal/airflow_weather/venv/lib/python3.12/site-packages/airflow/example_dags/example_trigger_controller_dag.py
[2025-09-09T10:19:15.253+0530] {processor.py:830} INFO - Processing file /home/sparshgoyal/airflow_weather/venv/lib/python3.12/site-packages/airflow/example_dags/example_trigger_controller_dag.py for tasks to queue
[2025-09-09T10:19:15.255+0530] {logging_mixin.py:188} INFO - [2025-09-09T10:19:15.255+0530] {dagbag.py:545} INFO - Filling up the DagBag from /home/sparshgoyal/airflow_weather/venv/lib/python3.12/site-packages/airflow/example_dags/example_trigger_controller_dag.py
[2025-09-09T10:19:15.263+0530] {processor.py:840} INFO - DAG(s) 'example_trigger_controller_dag' retrieved from /home/sparshgoyal/airflow_weather/venv/lib/python3.12/site-packages/airflow/example_dags/example_trigger_controller_dag.py
[2025-09-09T10:19:15.284+0530] {logging_mixin.py:188} INFO - [2025-09-09T10:19:15.283+0530] {dag.py:3096} INFO - Sync 1 DAGs
[2025-09-09T10:19:15.310+0530] {logging_mixin.py:188} INFO - [2025-09-09T10:19:15.309+0530] {dag.py:3954} INFO - Setting next_dagrun for example_trigger_controller_dag to 2021-01-01 00:00:00+00:00, run_after=2021-01-01 00:00:00+00:00
[2025-09-09T10:19:15.393+0530] {processor.py:183} INFO - Processing /home/sparshgoyal/airflow_weather/venv/lib/python3.12/site-packages/airflow/example_dags/example_trigger_controller_dag.py took 0.164 seconds
[2025-09-09T10:20:20.371+0530] {processor.py:161} INFO - Started process (PID=6404) to work on /home/sparshgoyal/airflow_weather/venv/lib/python3.12/site-packages/airflow/example_dags/example_trigger_controller_dag.py
[2025-09-09T10:20:20.382+0530] {processor.py:830} INFO - Processing file /home/sparshgoyal/airflow_weather/venv/lib/python3.12/site-packages/airflow/example_dags/example_trigger_controller_dag.py for tasks to queue
[2025-09-09T10:20:20.385+0530] {logging_mixin.py:188} INFO - [2025-09-09T10:20:20.384+0530] {dagbag.py:545} INFO - Filling up the DagBag from /home/sparshgoyal/airflow_weather/venv/lib/python3.12/site-packages/airflow/example_dags/example_trigger_controller_dag.py
[2025-09-09T10:20:20.392+0530] {processor.py:840} INFO - DAG(s) 'example_trigger_controller_dag' retrieved from /home/sparshgoyal/airflow_weather/venv/lib/python3.12/site-packages/airflow/example_dags/example_trigger_controller_dag.py
[2025-09-09T10:20:20.413+0530] {logging_mixin.py:188} INFO - [2025-09-09T10:20:20.413+0530] {dag.py:3096} INFO - Sync 1 DAGs
[2025-09-09T10:20:20.444+0530] {logging_mixin.py:188} INFO - [2025-09-09T10:20:20.443+0530] {dag.py:3954} INFO - Setting next_dagrun for example_trigger_controller_dag to 2021-01-01 00:00:00+00:00, run_after=2021-01-01 00:00:00+00:00
[2025-09-09T10:20:20.567+0530] {processor.py:183} INFO - Processing /home/sparshgoyal/airflow_weather/venv/lib/python3.12/site-packages/airflow/example_dags/example_trigger_controller_dag.py took 0.204 seconds
