[2025-09-09T10:18:26.043+0530] {processor.py:161} INFO - Started process (PID=6269) to work on /home/sparshgoyal/airflow_weather/venv/lib/python3.12/site-packages/airflow/example_dags/example_python_decorator.py
[2025-09-09T10:18:26.044+0530] {processor.py:830} INFO - Processing file /home/sparshgoyal/airflow_weather/venv/lib/python3.12/site-packages/airflow/example_dags/example_python_decorator.py for tasks to queue
[2025-09-09T10:18:26.046+0530] {logging_mixin.py:188} INFO - [2025-09-09T10:18:26.045+0530] {dagbag.py:545} INFO - Filling up the DagBag from /home/sparshgoyal/airflow_weather/venv/lib/python3.12/site-packages/airflow/example_dags/example_python_decorator.py
[2025-09-09T10:18:26.070+0530] {logging_mixin.py:188} INFO - [2025-09-09T10:18:26.070+0530] {example_python_decorator.py:80} WARNING - The virtalenv_python example task requires virtualenv, please install it.
[2025-09-09T10:18:26.071+0530] {processor.py:840} INFO - DAG(s) 'example_python_decorator' retrieved from /home/sparshgoyal/airflow_weather/venv/lib/python3.12/site-packages/airflow/example_dags/example_python_decorator.py
[2025-09-09T10:18:26.191+0530] {logging_mixin.py:188} INFO - [2025-09-09T10:18:26.190+0530] {dag.py:3096} INFO - Sync 1 DAGs
[2025-09-09T10:18:26.203+0530] {logging_mixin.py:188} INFO - [2025-09-09T10:18:26.202+0530] {dag.py:3954} INFO - Setting next_dagrun for example_python_decorator to None, run_after=None
[2025-09-09T10:18:26.361+0530] {processor.py:183} INFO - Processing /home/sparshgoyal/airflow_weather/venv/lib/python3.12/site-packages/airflow/example_dags/example_python_decorator.py took 0.326 seconds
[2025-09-09T10:19:32.430+0530] {processor.py:161} INFO - Started process (PID=6348) to work on /home/sparshgoyal/airflow_weather/venv/lib/python3.12/site-packages/airflow/example_dags/example_python_decorator.py
[2025-09-09T10:19:32.431+0530] {processor.py:830} INFO - Processing file /home/sparshgoyal/airflow_weather/venv/lib/python3.12/site-packages/airflow/example_dags/example_python_decorator.py for tasks to queue
[2025-09-09T10:19:32.433+0530] {logging_mixin.py:188} INFO - [2025-09-09T10:19:32.433+0530] {dagbag.py:545} INFO - Filling up the DagBag from /home/sparshgoyal/airflow_weather/venv/lib/python3.12/site-packages/airflow/example_dags/example_python_decorator.py
[2025-09-09T10:19:32.446+0530] {logging_mixin.py:188} INFO - [2025-09-09T10:19:32.445+0530] {example_python_decorator.py:80} WARNING - The virtalenv_python example task requires virtualenv, please install it.
[2025-09-09T10:19:32.446+0530] {processor.py:840} INFO - DAG(s) 'example_python_decorator' retrieved from /home/sparshgoyal/airflow_weather/venv/lib/python3.12/site-packages/airflow/example_dags/example_python_decorator.py
[2025-09-09T10:19:32.469+0530] {logging_mixin.py:188} INFO - [2025-09-09T10:19:32.469+0530] {dag.py:3096} INFO - Sync 1 DAGs
[2025-09-09T10:19:32.483+0530] {logging_mixin.py:188} INFO - [2025-09-09T10:19:32.483+0530] {dag.py:3954} INFO - Setting next_dagrun for example_python_decorator to None, run_after=None
[2025-09-09T10:19:32.568+0530] {processor.py:183} INFO - Processing /home/sparshgoyal/airflow_weather/venv/lib/python3.12/site-packages/airflow/example_dags/example_python_decorator.py took 0.146 seconds
[2025-09-09T10:20:35.837+0530] {processor.py:161} INFO - Started process (PID=6420) to work on /home/sparshgoyal/airflow_weather/venv/lib/python3.12/site-packages/airflow/example_dags/example_python_decorator.py
[2025-09-09T10:20:35.846+0530] {processor.py:830} INFO - Processing file /home/sparshgoyal/airflow_weather/venv/lib/python3.12/site-packages/airflow/example_dags/example_python_decorator.py for tasks to queue
[2025-09-09T10:20:35.848+0530] {logging_mixin.py:188} INFO - [2025-09-09T10:20:35.848+0530] {dagbag.py:545} INFO - Filling up the DagBag from /home/sparshgoyal/airflow_weather/venv/lib/python3.12/site-packages/airflow/example_dags/example_python_decorator.py
[2025-09-09T10:20:35.867+0530] {logging_mixin.py:188} INFO - [2025-09-09T10:20:35.867+0530] {example_python_decorator.py:80} WARNING - The virtalenv_python example task requires virtualenv, please install it.
[2025-09-09T10:20:35.868+0530] {processor.py:840} INFO - DAG(s) 'example_python_decorator' retrieved from /home/sparshgoyal/airflow_weather/venv/lib/python3.12/site-packages/airflow/example_dags/example_python_decorator.py
[2025-09-09T10:20:35.892+0530] {logging_mixin.py:188} INFO - [2025-09-09T10:20:35.892+0530] {dag.py:3096} INFO - Sync 1 DAGs
[2025-09-09T10:20:35.907+0530] {logging_mixin.py:188} INFO - [2025-09-09T10:20:35.907+0530] {dag.py:3954} INFO - Setting next_dagrun for example_python_decorator to None, run_after=None
[2025-09-09T10:20:35.998+0530] {processor.py:183} INFO - Processing /home/sparshgoyal/airflow_weather/venv/lib/python3.12/site-packages/airflow/example_dags/example_python_decorator.py took 0.169 seconds
