[2025-09-09T10:18:17.662+0530] {processor.py:161} INFO - Started process (PID=6260) to work on /home/sparshgoyal/airflow_weather/venv/lib/python3.12/site-packages/airflow/example_dags/example_setup_teardown_taskflow.py
[2025-09-09T10:18:17.663+0530] {processor.py:830} INFO - Processing file /home/sparshgoyal/airflow_weather/venv/lib/python3.12/site-packages/airflow/example_dags/example_setup_teardown_taskflow.py for tasks to queue
[2025-09-09T10:18:17.665+0530] {logging_mixin.py:188} INFO - [2025-09-09T10:18:17.664+0530] {dagbag.py:545} INFO - Filling up the DagBag from /home/sparshgoyal/airflow_weather/venv/lib/python3.12/site-packages/airflow/example_dags/example_setup_teardown_taskflow.py
[2025-09-09T10:18:17.728+0530] {processor.py:840} INFO - DAG(s) 'example_setup_teardown_taskflow' retrieved from /home/sparshgoyal/airflow_weather/venv/lib/python3.12/site-packages/airflow/example_dags/example_setup_teardown_taskflow.py
[2025-09-09T10:18:17.903+0530] {logging_mixin.py:188} INFO - [2025-09-09T10:18:17.902+0530] {dag.py:3096} INFO - Sync 1 DAGs
[2025-09-09T10:18:17.927+0530] {logging_mixin.py:188} INFO - [2025-09-09T10:18:17.926+0530] {dag.py:3954} INFO - Setting next_dagrun for example_setup_teardown_taskflow to 2025-09-08 00:00:00+00:00, run_after=2025-09-09 00:00:00+00:00
[2025-09-09T10:18:18.022+0530] {processor.py:183} INFO - Processing /home/sparshgoyal/airflow_weather/venv/lib/python3.12/site-packages/airflow/example_dags/example_setup_teardown_taskflow.py took 0.368 seconds
[2025-09-09T10:19:26.447+0530] {processor.py:161} INFO - Started process (PID=6342) to work on /home/sparshgoyal/airflow_weather/venv/lib/python3.12/site-packages/airflow/example_dags/example_setup_teardown_taskflow.py
[2025-09-09T10:19:26.448+0530] {processor.py:830} INFO - Processing file /home/sparshgoyal/airflow_weather/venv/lib/python3.12/site-packages/airflow/example_dags/example_setup_teardown_taskflow.py for tasks to queue
[2025-09-09T10:19:26.451+0530] {logging_mixin.py:188} INFO - [2025-09-09T10:19:26.450+0530] {dagbag.py:545} INFO - Filling up the DagBag from /home/sparshgoyal/airflow_weather/venv/lib/python3.12/site-packages/airflow/example_dags/example_setup_teardown_taskflow.py
[2025-09-09T10:19:26.465+0530] {processor.py:840} INFO - DAG(s) 'example_setup_teardown_taskflow' retrieved from /home/sparshgoyal/airflow_weather/venv/lib/python3.12/site-packages/airflow/example_dags/example_setup_teardown_taskflow.py
[2025-09-09T10:19:26.488+0530] {logging_mixin.py:188} INFO - [2025-09-09T10:19:26.488+0530] {dag.py:3096} INFO - Sync 1 DAGs
[2025-09-09T10:19:26.514+0530] {logging_mixin.py:188} INFO - [2025-09-09T10:19:26.514+0530] {dag.py:3954} INFO - Setting next_dagrun for example_setup_teardown_taskflow to 2025-09-08 00:00:00+00:00, run_after=2025-09-09 00:00:00+00:00
[2025-09-09T10:19:26.640+0530] {processor.py:183} INFO - Processing /home/sparshgoyal/airflow_weather/venv/lib/python3.12/site-packages/airflow/example_dags/example_setup_teardown_taskflow.py took 0.202 seconds
[2025-09-09T10:20:30.427+0530] {processor.py:161} INFO - Started process (PID=6415) to work on /home/sparshgoyal/airflow_weather/venv/lib/python3.12/site-packages/airflow/example_dags/example_setup_teardown_taskflow.py
[2025-09-09T10:20:30.429+0530] {processor.py:830} INFO - Processing file /home/sparshgoyal/airflow_weather/venv/lib/python3.12/site-packages/airflow/example_dags/example_setup_teardown_taskflow.py for tasks to queue
[2025-09-09T10:20:30.431+0530] {logging_mixin.py:188} INFO - [2025-09-09T10:20:30.430+0530] {dagbag.py:545} INFO - Filling up the DagBag from /home/sparshgoyal/airflow_weather/venv/lib/python3.12/site-packages/airflow/example_dags/example_setup_teardown_taskflow.py
[2025-09-09T10:20:30.444+0530] {processor.py:840} INFO - DAG(s) 'example_setup_teardown_taskflow' retrieved from /home/sparshgoyal/airflow_weather/venv/lib/python3.12/site-packages/airflow/example_dags/example_setup_teardown_taskflow.py
[2025-09-09T10:20:30.466+0530] {logging_mixin.py:188} INFO - [2025-09-09T10:20:30.466+0530] {dag.py:3096} INFO - Sync 1 DAGs
[2025-09-09T10:20:30.490+0530] {logging_mixin.py:188} INFO - [2025-09-09T10:20:30.490+0530] {dag.py:3954} INFO - Setting next_dagrun for example_setup_teardown_taskflow to 2025-09-08 00:00:00+00:00, run_after=2025-09-09 00:00:00+00:00
[2025-09-09T10:20:30.579+0530] {processor.py:183} INFO - Processing /home/sparshgoyal/airflow_weather/venv/lib/python3.12/site-packages/airflow/example_dags/example_setup_teardown_taskflow.py took 0.159 seconds
