[2025-09-09T10:18:00.583+0530] {processor.py:161} INFO - Started process (PID=6240) to work on /home/sparshgoyal/airflow_weather/venv/lib/python3.12/site-packages/airflow/example_dags/example_time_delta_sensor_async.py
[2025-09-09T10:18:00.584+0530] {processor.py:830} INFO - Processing file /home/sparshgoyal/airflow_weather/venv/lib/python3.12/site-packages/airflow/example_dags/example_time_delta_sensor_async.py for tasks to queue
[2025-09-09T10:18:00.587+0530] {logging_mixin.py:188} INFO - [2025-09-09T10:18:00.586+0530] {dagbag.py:545} INFO - Filling up the DagBag from /home/sparshgoyal/airflow_weather/venv/lib/python3.12/site-packages/airflow/example_dags/example_time_delta_sensor_async.py
[2025-09-09T10:18:00.598+0530] {processor.py:840} INFO - DAG(s) 'example_time_delta_sensor_async' retrieved from /home/sparshgoyal/airflow_weather/venv/lib/python3.12/site-packages/airflow/example_dags/example_time_delta_sensor_async.py
[2025-09-09T10:18:00.743+0530] {logging_mixin.py:188} INFO - [2025-09-09T10:18:00.743+0530] {dag.py:3096} INFO - Sync 1 DAGs
[2025-09-09T10:18:00.756+0530] {logging_mixin.py:188} INFO - [2025-09-09T10:18:00.755+0530] {dag.py:3954} INFO - Setting next_dagrun for example_time_delta_sensor_async to None, run_after=None
[2025-09-09T10:18:00.864+0530] {processor.py:183} INFO - Processing /home/sparshgoyal/airflow_weather/venv/lib/python3.12/site-packages/airflow/example_dags/example_time_delta_sensor_async.py took 0.290 seconds
[2025-09-09T10:19:16.485+0530] {processor.py:161} INFO - Started process (PID=6332) to work on /home/sparshgoyal/airflow_weather/venv/lib/python3.12/site-packages/airflow/example_dags/example_time_delta_sensor_async.py
[2025-09-09T10:19:16.487+0530] {processor.py:830} INFO - Processing file /home/sparshgoyal/airflow_weather/venv/lib/python3.12/site-packages/airflow/example_dags/example_time_delta_sensor_async.py for tasks to queue
[2025-09-09T10:19:16.489+0530] {logging_mixin.py:188} INFO - [2025-09-09T10:19:16.488+0530] {dagbag.py:545} INFO - Filling up the DagBag from /home/sparshgoyal/airflow_weather/venv/lib/python3.12/site-packages/airflow/example_dags/example_time_delta_sensor_async.py
[2025-09-09T10:19:16.497+0530] {processor.py:840} INFO - DAG(s) 'example_time_delta_sensor_async' retrieved from /home/sparshgoyal/airflow_weather/venv/lib/python3.12/site-packages/airflow/example_dags/example_time_delta_sensor_async.py
[2025-09-09T10:19:16.521+0530] {logging_mixin.py:188} INFO - [2025-09-09T10:19:16.521+0530] {dag.py:3096} INFO - Sync 1 DAGs
[2025-09-09T10:19:16.537+0530] {logging_mixin.py:188} INFO - [2025-09-09T10:19:16.537+0530] {dag.py:3954} INFO - Setting next_dagrun for example_time_delta_sensor_async to None, run_after=None
[2025-09-09T10:19:16.633+0530] {processor.py:183} INFO - Processing /home/sparshgoyal/airflow_weather/venv/lib/python3.12/site-packages/airflow/example_dags/example_time_delta_sensor_async.py took 0.159 seconds
[2025-09-09T10:20:21.869+0530] {processor.py:161} INFO - Started process (PID=6405) to work on /home/sparshgoyal/airflow_weather/venv/lib/python3.12/site-packages/airflow/example_dags/example_time_delta_sensor_async.py
[2025-09-09T10:20:21.870+0530] {processor.py:830} INFO - Processing file /home/sparshgoyal/airflow_weather/venv/lib/python3.12/site-packages/airflow/example_dags/example_time_delta_sensor_async.py for tasks to queue
[2025-09-09T10:20:21.873+0530] {logging_mixin.py:188} INFO - [2025-09-09T10:20:21.873+0530] {dagbag.py:545} INFO - Filling up the DagBag from /home/sparshgoyal/airflow_weather/venv/lib/python3.12/site-packages/airflow/example_dags/example_time_delta_sensor_async.py
[2025-09-09T10:20:21.880+0530] {processor.py:840} INFO - DAG(s) 'example_time_delta_sensor_async' retrieved from /home/sparshgoyal/airflow_weather/venv/lib/python3.12/site-packages/airflow/example_dags/example_time_delta_sensor_async.py
[2025-09-09T10:20:21.902+0530] {logging_mixin.py:188} INFO - [2025-09-09T10:20:21.902+0530] {dag.py:3096} INFO - Sync 1 DAGs
[2025-09-09T10:20:21.917+0530] {logging_mixin.py:188} INFO - [2025-09-09T10:20:21.917+0530] {dag.py:3954} INFO - Setting next_dagrun for example_time_delta_sensor_async to None, run_after=None
[2025-09-09T10:20:22.011+0530] {processor.py:183} INFO - Processing /home/sparshgoyal/airflow_weather/venv/lib/python3.12/site-packages/airflow/example_dags/example_time_delta_sensor_async.py took 0.150 seconds
