[2025-09-09T10:18:01.938+0530] {processor.py:161} INFO - Started process (PID=6249) to work on /home/sparshgoyal/airflow_weather/venv/lib/python3.12/site-packages/airflow/example_dags/example_task_group_decorator.py
[2025-09-09T10:18:01.939+0530] {processor.py:830} INFO - Processing file /home/sparshgoyal/airflow_weather/venv/lib/python3.12/site-packages/airflow/example_dags/example_task_group_decorator.py for tasks to queue
[2025-09-09T10:18:01.942+0530] {logging_mixin.py:188} INFO - [2025-09-09T10:18:01.942+0530] {dagbag.py:545} INFO - Filling up the DagBag from /home/sparshgoyal/airflow_weather/venv/lib/python3.12/site-packages/airflow/example_dags/example_task_group_decorator.py
[2025-09-09T10:18:01.982+0530] {processor.py:840} INFO - DAG(s) 'example_task_group_decorator' retrieved from /home/sparshgoyal/airflow_weather/venv/lib/python3.12/site-packages/airflow/example_dags/example_task_group_decorator.py
[2025-09-09T10:18:04.571+0530] {logging_mixin.py:188} INFO - [2025-09-09T10:18:04.570+0530] {dag.py:3096} INFO - Sync 1 DAGs
[2025-09-09T10:18:05.873+0530] {logging_mixin.py:188} INFO - [2025-09-09T10:18:05.872+0530] {dag.py:3954} INFO - Setting next_dagrun for example_task_group_decorator to 2025-09-08 00:00:00+00:00, run_after=2025-09-09 00:00:00+00:00
[2025-09-09T10:18:06.326+0530] {processor.py:183} INFO - Processing /home/sparshgoyal/airflow_weather/venv/lib/python3.12/site-packages/airflow/example_dags/example_task_group_decorator.py took 4.399 seconds
[2025-09-09T10:19:17.770+0530] {processor.py:161} INFO - Started process (PID=6333) to work on /home/sparshgoyal/airflow_weather/venv/lib/python3.12/site-packages/airflow/example_dags/example_task_group_decorator.py
[2025-09-09T10:19:17.795+0530] {processor.py:830} INFO - Processing file /home/sparshgoyal/airflow_weather/venv/lib/python3.12/site-packages/airflow/example_dags/example_task_group_decorator.py for tasks to queue
[2025-09-09T10:19:17.799+0530] {logging_mixin.py:188} INFO - [2025-09-09T10:19:17.798+0530] {dagbag.py:545} INFO - Filling up the DagBag from /home/sparshgoyal/airflow_weather/venv/lib/python3.12/site-packages/airflow/example_dags/example_task_group_decorator.py
[2025-09-09T10:19:17.823+0530] {processor.py:840} INFO - DAG(s) 'example_task_group_decorator' retrieved from /home/sparshgoyal/airflow_weather/venv/lib/python3.12/site-packages/airflow/example_dags/example_task_group_decorator.py
[2025-09-09T10:19:17.852+0530] {logging_mixin.py:188} INFO - [2025-09-09T10:19:17.851+0530] {dag.py:3096} INFO - Sync 1 DAGs
[2025-09-09T10:19:17.878+0530] {logging_mixin.py:188} INFO - [2025-09-09T10:19:17.877+0530] {dag.py:3954} INFO - Setting next_dagrun for example_task_group_decorator to 2025-09-08 00:00:00+00:00, run_after=2025-09-09 00:00:00+00:00
[2025-09-09T10:19:17.967+0530] {processor.py:183} INFO - Processing /home/sparshgoyal/airflow_weather/venv/lib/python3.12/site-packages/airflow/example_dags/example_task_group_decorator.py took 0.205 seconds
[2025-09-09T10:20:23.147+0530] {processor.py:161} INFO - Started process (PID=6406) to work on /home/sparshgoyal/airflow_weather/venv/lib/python3.12/site-packages/airflow/example_dags/example_task_group_decorator.py
[2025-09-09T10:20:23.148+0530] {processor.py:830} INFO - Processing file /home/sparshgoyal/airflow_weather/venv/lib/python3.12/site-packages/airflow/example_dags/example_task_group_decorator.py for tasks to queue
[2025-09-09T10:20:23.150+0530] {logging_mixin.py:188} INFO - [2025-09-09T10:20:23.150+0530] {dagbag.py:545} INFO - Filling up the DagBag from /home/sparshgoyal/airflow_weather/venv/lib/python3.12/site-packages/airflow/example_dags/example_task_group_decorator.py
[2025-09-09T10:20:23.173+0530] {processor.py:840} INFO - DAG(s) 'example_task_group_decorator' retrieved from /home/sparshgoyal/airflow_weather/venv/lib/python3.12/site-packages/airflow/example_dags/example_task_group_decorator.py
[2025-09-09T10:20:23.198+0530] {logging_mixin.py:188} INFO - [2025-09-09T10:20:23.198+0530] {dag.py:3096} INFO - Sync 1 DAGs
[2025-09-09T10:20:23.222+0530] {logging_mixin.py:188} INFO - [2025-09-09T10:20:23.222+0530] {dag.py:3954} INFO - Setting next_dagrun for example_task_group_decorator to 2025-09-08 00:00:00+00:00, run_after=2025-09-09 00:00:00+00:00
[2025-09-09T10:20:23.320+0530] {processor.py:183} INFO - Processing /home/sparshgoyal/airflow_weather/venv/lib/python3.12/site-packages/airflow/example_dags/example_task_group_decorator.py took 0.181 seconds
