[2025-09-09T10:18:19.264+0530] {processor.py:161} INFO - Started process (PID=6261) to work on /home/sparshgoyal/airflow_weather/venv/lib/python3.12/site-packages/airflow/example_dags/example_setup_teardown.py
[2025-09-09T10:18:19.265+0530] {processor.py:830} INFO - Processing file /home/sparshgoyal/airflow_weather/venv/lib/python3.12/site-packages/airflow/example_dags/example_setup_teardown.py for tasks to queue
[2025-09-09T10:18:19.267+0530] {logging_mixin.py:188} INFO - [2025-09-09T10:18:19.267+0530] {dagbag.py:545} INFO - Filling up the DagBag from /home/sparshgoyal/airflow_weather/venv/lib/python3.12/site-packages/airflow/example_dags/example_setup_teardown.py
[2025-09-09T10:18:19.289+0530] {processor.py:840} INFO - DAG(s) 'example_setup_teardown' retrieved from /home/sparshgoyal/airflow_weather/venv/lib/python3.12/site-packages/airflow/example_dags/example_setup_teardown.py
[2025-09-09T10:18:19.439+0530] {logging_mixin.py:188} INFO - [2025-09-09T10:18:19.439+0530] {dag.py:3096} INFO - Sync 1 DAGs
[2025-09-09T10:18:19.461+0530] {logging_mixin.py:188} INFO - [2025-09-09T10:18:19.461+0530] {dag.py:3954} INFO - Setting next_dagrun for example_setup_teardown to 2025-09-08 00:00:00+00:00, run_after=2025-09-09 00:00:00+00:00
[2025-09-09T10:18:19.596+0530] {processor.py:183} INFO - Processing /home/sparshgoyal/airflow_weather/venv/lib/python3.12/site-packages/airflow/example_dags/example_setup_teardown.py took 0.340 seconds
[2025-09-09T10:19:27.831+0530] {processor.py:161} INFO - Started process (PID=6344) to work on /home/sparshgoyal/airflow_weather/venv/lib/python3.12/site-packages/airflow/example_dags/example_setup_teardown.py
[2025-09-09T10:19:27.833+0530] {processor.py:830} INFO - Processing file /home/sparshgoyal/airflow_weather/venv/lib/python3.12/site-packages/airflow/example_dags/example_setup_teardown.py for tasks to queue
[2025-09-09T10:19:27.835+0530] {logging_mixin.py:188} INFO - [2025-09-09T10:19:27.835+0530] {dagbag.py:545} INFO - Filling up the DagBag from /home/sparshgoyal/airflow_weather/venv/lib/python3.12/site-packages/airflow/example_dags/example_setup_teardown.py
[2025-09-09T10:19:27.845+0530] {processor.py:840} INFO - DAG(s) 'example_setup_teardown' retrieved from /home/sparshgoyal/airflow_weather/venv/lib/python3.12/site-packages/airflow/example_dags/example_setup_teardown.py
[2025-09-09T10:19:27.867+0530] {logging_mixin.py:188} INFO - [2025-09-09T10:19:27.866+0530] {dag.py:3096} INFO - Sync 1 DAGs
[2025-09-09T10:19:27.890+0530] {logging_mixin.py:188} INFO - [2025-09-09T10:19:27.889+0530] {dag.py:3954} INFO - Setting next_dagrun for example_setup_teardown to 2025-09-08 00:00:00+00:00, run_after=2025-09-09 00:00:00+00:00
[2025-09-09T10:19:27.992+0530] {processor.py:183} INFO - Processing /home/sparshgoyal/airflow_weather/venv/lib/python3.12/site-packages/airflow/example_dags/example_setup_teardown.py took 0.168 seconds
[2025-09-09T10:20:30.764+0530] {processor.py:161} INFO - Started process (PID=6416) to work on /home/sparshgoyal/airflow_weather/venv/lib/python3.12/site-packages/airflow/example_dags/example_setup_teardown.py
[2025-09-09T10:20:30.765+0530] {processor.py:830} INFO - Processing file /home/sparshgoyal/airflow_weather/venv/lib/python3.12/site-packages/airflow/example_dags/example_setup_teardown.py for tasks to queue
[2025-09-09T10:20:30.768+0530] {logging_mixin.py:188} INFO - [2025-09-09T10:20:30.767+0530] {dagbag.py:545} INFO - Filling up the DagBag from /home/sparshgoyal/airflow_weather/venv/lib/python3.12/site-packages/airflow/example_dags/example_setup_teardown.py
[2025-09-09T10:20:30.778+0530] {processor.py:840} INFO - DAG(s) 'example_setup_teardown' retrieved from /home/sparshgoyal/airflow_weather/venv/lib/python3.12/site-packages/airflow/example_dags/example_setup_teardown.py
[2025-09-09T10:20:30.799+0530] {logging_mixin.py:188} INFO - [2025-09-09T10:20:30.799+0530] {dag.py:3096} INFO - Sync 1 DAGs
[2025-09-09T10:20:30.823+0530] {logging_mixin.py:188} INFO - [2025-09-09T10:20:30.823+0530] {dag.py:3954} INFO - Setting next_dagrun for example_setup_teardown to 2025-09-08 00:00:00+00:00, run_after=2025-09-09 00:00:00+00:00
[2025-09-09T10:20:30.930+0530] {processor.py:183} INFO - Processing /home/sparshgoyal/airflow_weather/venv/lib/python3.12/site-packages/airflow/example_dags/example_setup_teardown.py took 0.174 seconds
