[2025-09-09T10:18:16.846+0530] {processor.py:161} INFO - Started process (PID=6259) to work on /home/sparshgoyal/airflow_weather/venv/lib/python3.12/site-packages/airflow/example_dags/example_short_circuit_decorator.py
[2025-09-09T10:18:16.847+0530] {processor.py:830} INFO - Processing file /home/sparshgoyal/airflow_weather/venv/lib/python3.12/site-packages/airflow/example_dags/example_short_circuit_decorator.py for tasks to queue
[2025-09-09T10:18:16.849+0530] {logging_mixin.py:188} INFO - [2025-09-09T10:18:16.849+0530] {dagbag.py:545} INFO - Filling up the DagBag from /home/sparshgoyal/airflow_weather/venv/lib/python3.12/site-packages/airflow/example_dags/example_short_circuit_decorator.py
[2025-09-09T10:18:16.876+0530] {processor.py:840} INFO - DAG(s) 'example_short_circuit_decorator' retrieved from /home/sparshgoyal/airflow_weather/venv/lib/python3.12/site-packages/airflow/example_dags/example_short_circuit_decorator.py
[2025-09-09T10:18:17.030+0530] {logging_mixin.py:188} INFO - [2025-09-09T10:18:17.030+0530] {dag.py:3096} INFO - Sync 1 DAGs
[2025-09-09T10:18:17.050+0530] {logging_mixin.py:188} INFO - [2025-09-09T10:18:17.050+0530] {dag.py:3954} INFO - Setting next_dagrun for example_short_circuit_decorator to 2025-09-08 00:00:00+00:00, run_after=2025-09-09 00:00:00+00:00
[2025-09-09T10:18:17.153+0530] {processor.py:183} INFO - Processing /home/sparshgoyal/airflow_weather/venv/lib/python3.12/site-packages/airflow/example_dags/example_short_circuit_decorator.py took 0.316 seconds
[2025-09-09T10:19:25.741+0530] {processor.py:161} INFO - Started process (PID=6340) to work on /home/sparshgoyal/airflow_weather/venv/lib/python3.12/site-packages/airflow/example_dags/example_short_circuit_decorator.py
[2025-09-09T10:19:25.749+0530] {processor.py:830} INFO - Processing file /home/sparshgoyal/airflow_weather/venv/lib/python3.12/site-packages/airflow/example_dags/example_short_circuit_decorator.py for tasks to queue
[2025-09-09T10:19:25.751+0530] {logging_mixin.py:188} INFO - [2025-09-09T10:19:25.750+0530] {dagbag.py:545} INFO - Filling up the DagBag from /home/sparshgoyal/airflow_weather/venv/lib/python3.12/site-packages/airflow/example_dags/example_short_circuit_decorator.py
[2025-09-09T10:19:25.765+0530] {processor.py:840} INFO - DAG(s) 'example_short_circuit_decorator' retrieved from /home/sparshgoyal/airflow_weather/venv/lib/python3.12/site-packages/airflow/example_dags/example_short_circuit_decorator.py
[2025-09-09T10:19:25.788+0530] {logging_mixin.py:188} INFO - [2025-09-09T10:19:25.788+0530] {dag.py:3096} INFO - Sync 1 DAGs
[2025-09-09T10:19:25.812+0530] {logging_mixin.py:188} INFO - [2025-09-09T10:19:25.812+0530] {dag.py:3954} INFO - Setting next_dagrun for example_short_circuit_decorator to 2025-09-08 00:00:00+00:00, run_after=2025-09-09 00:00:00+00:00
[2025-09-09T10:19:25.899+0530] {processor.py:183} INFO - Processing /home/sparshgoyal/airflow_weather/venv/lib/python3.12/site-packages/airflow/example_dags/example_short_circuit_decorator.py took 0.169 seconds
[2025-09-09T10:20:29.014+0530] {processor.py:161} INFO - Started process (PID=6414) to work on /home/sparshgoyal/airflow_weather/venv/lib/python3.12/site-packages/airflow/example_dags/example_short_circuit_decorator.py
[2025-09-09T10:20:29.027+0530] {processor.py:830} INFO - Processing file /home/sparshgoyal/airflow_weather/venv/lib/python3.12/site-packages/airflow/example_dags/example_short_circuit_decorator.py for tasks to queue
[2025-09-09T10:20:29.031+0530] {logging_mixin.py:188} INFO - [2025-09-09T10:20:29.030+0530] {dagbag.py:545} INFO - Filling up the DagBag from /home/sparshgoyal/airflow_weather/venv/lib/python3.12/site-packages/airflow/example_dags/example_short_circuit_decorator.py
[2025-09-09T10:20:29.046+0530] {processor.py:840} INFO - DAG(s) 'example_short_circuit_decorator' retrieved from /home/sparshgoyal/airflow_weather/venv/lib/python3.12/site-packages/airflow/example_dags/example_short_circuit_decorator.py
[2025-09-09T10:20:29.073+0530] {logging_mixin.py:188} INFO - [2025-09-09T10:20:29.073+0530] {dag.py:3096} INFO - Sync 1 DAGs
[2025-09-09T10:20:29.098+0530] {logging_mixin.py:188} INFO - [2025-09-09T10:20:29.098+0530] {dag.py:3954} INFO - Setting next_dagrun for example_short_circuit_decorator to 2025-09-08 00:00:00+00:00, run_after=2025-09-09 00:00:00+00:00
[2025-09-09T10:20:29.189+0530] {processor.py:183} INFO - Processing /home/sparshgoyal/airflow_weather/venv/lib/python3.12/site-packages/airflow/example_dags/example_short_circuit_decorator.py took 0.183 seconds
