[2025-09-09T10:17:57.546+0530] {processor.py:161} INFO - Started process (PID=6238) to work on /home/sparshgoyal/airflow_weather/venv/lib/python3.12/site-packages/airflow/example_dags/example_trigger_target_dag.py
[2025-09-09T10:17:57.547+0530] {processor.py:830} INFO - Processing file /home/sparshgoyal/airflow_weather/venv/lib/python3.12/site-packages/airflow/example_dags/example_trigger_target_dag.py for tasks to queue
[2025-09-09T10:17:57.549+0530] {logging_mixin.py:188} INFO - [2025-09-09T10:17:57.548+0530] {dagbag.py:545} INFO - Filling up the DagBag from /home/sparshgoyal/airflow_weather/venv/lib/python3.12/site-packages/airflow/example_dags/example_trigger_target_dag.py
[2025-09-09T10:17:57.574+0530] {processor.py:840} INFO - DAG(s) 'example_trigger_target_dag' retrieved from /home/sparshgoyal/airflow_weather/venv/lib/python3.12/site-packages/airflow/example_dags/example_trigger_target_dag.py
[2025-09-09T10:17:57.719+0530] {logging_mixin.py:188} INFO - [2025-09-09T10:17:57.718+0530] {dag.py:3096} INFO - Sync 1 DAGs
[2025-09-09T10:17:57.730+0530] {logging_mixin.py:188} INFO - [2025-09-09T10:17:57.730+0530] {dag.py:3954} INFO - Setting next_dagrun for example_trigger_target_dag to None, run_after=None
[2025-09-09T10:17:57.827+0530] {processor.py:183} INFO - Processing /home/sparshgoyal/airflow_weather/venv/lib/python3.12/site-packages/airflow/example_dags/example_trigger_target_dag.py took 0.289 seconds
[2025-09-09T10:19:13.826+0530] {processor.py:161} INFO - Started process (PID=6329) to work on /home/sparshgoyal/airflow_weather/venv/lib/python3.12/site-packages/airflow/example_dags/example_trigger_target_dag.py
[2025-09-09T10:19:13.827+0530] {processor.py:830} INFO - Processing file /home/sparshgoyal/airflow_weather/venv/lib/python3.12/site-packages/airflow/example_dags/example_trigger_target_dag.py for tasks to queue
[2025-09-09T10:19:13.829+0530] {logging_mixin.py:188} INFO - [2025-09-09T10:19:13.829+0530] {dagbag.py:545} INFO - Filling up the DagBag from /home/sparshgoyal/airflow_weather/venv/lib/python3.12/site-packages/airflow/example_dags/example_trigger_target_dag.py
[2025-09-09T10:19:13.838+0530] {processor.py:840} INFO - DAG(s) 'example_trigger_target_dag' retrieved from /home/sparshgoyal/airflow_weather/venv/lib/python3.12/site-packages/airflow/example_dags/example_trigger_target_dag.py
[2025-09-09T10:19:13.858+0530] {logging_mixin.py:188} INFO - [2025-09-09T10:19:13.858+0530] {dag.py:3096} INFO - Sync 1 DAGs
[2025-09-09T10:19:13.874+0530] {logging_mixin.py:188} INFO - [2025-09-09T10:19:13.873+0530] {dag.py:3954} INFO - Setting next_dagrun for example_trigger_target_dag to None, run_after=None
[2025-09-09T10:19:13.968+0530] {processor.py:183} INFO - Processing /home/sparshgoyal/airflow_weather/venv/lib/python3.12/site-packages/airflow/example_dags/example_trigger_target_dag.py took 0.151 seconds
[2025-09-09T10:20:19.622+0530] {processor.py:161} INFO - Started process (PID=6403) to work on /home/sparshgoyal/airflow_weather/venv/lib/python3.12/site-packages/airflow/example_dags/example_trigger_target_dag.py
[2025-09-09T10:20:19.624+0530] {processor.py:830} INFO - Processing file /home/sparshgoyal/airflow_weather/venv/lib/python3.12/site-packages/airflow/example_dags/example_trigger_target_dag.py for tasks to queue
[2025-09-09T10:20:19.626+0530] {logging_mixin.py:188} INFO - [2025-09-09T10:20:19.626+0530] {dagbag.py:545} INFO - Filling up the DagBag from /home/sparshgoyal/airflow_weather/venv/lib/python3.12/site-packages/airflow/example_dags/example_trigger_target_dag.py
[2025-09-09T10:20:19.635+0530] {processor.py:840} INFO - DAG(s) 'example_trigger_target_dag' retrieved from /home/sparshgoyal/airflow_weather/venv/lib/python3.12/site-packages/airflow/example_dags/example_trigger_target_dag.py
[2025-09-09T10:20:19.656+0530] {logging_mixin.py:188} INFO - [2025-09-09T10:20:19.655+0530] {dag.py:3096} INFO - Sync 1 DAGs
[2025-09-09T10:20:19.672+0530] {logging_mixin.py:188} INFO - [2025-09-09T10:20:19.671+0530] {dag.py:3954} INFO - Setting next_dagrun for example_trigger_target_dag to None, run_after=None
[2025-09-09T10:20:19.763+0530] {processor.py:183} INFO - Processing /home/sparshgoyal/airflow_weather/venv/lib/python3.12/site-packages/airflow/example_dags/example_trigger_target_dag.py took 0.149 seconds
