[2025-09-09T10:18:15.360+0530] {processor.py:161} INFO - Started process (PID=6257) to work on /home/sparshgoyal/airflow_weather/venv/lib/python3.12/site-packages/airflow/example_dags/example_short_circuit_operator.py
[2025-09-09T10:18:15.361+0530] {processor.py:830} INFO - Processing file /home/sparshgoyal/airflow_weather/venv/lib/python3.12/site-packages/airflow/example_dags/example_short_circuit_operator.py for tasks to queue
[2025-09-09T10:18:15.364+0530] {logging_mixin.py:188} INFO - [2025-09-09T10:18:15.363+0530] {dagbag.py:545} INFO - Filling up the DagBag from /home/sparshgoyal/airflow_weather/venv/lib/python3.12/site-packages/airflow/example_dags/example_short_circuit_operator.py
[2025-09-09T10:18:15.382+0530] {processor.py:840} INFO - DAG(s) 'example_short_circuit_operator' retrieved from /home/sparshgoyal/airflow_weather/venv/lib/python3.12/site-packages/airflow/example_dags/example_short_circuit_operator.py
[2025-09-09T10:18:15.539+0530] {logging_mixin.py:188} INFO - [2025-09-09T10:18:15.539+0530] {dag.py:3096} INFO - Sync 1 DAGs
[2025-09-09T10:18:15.562+0530] {logging_mixin.py:188} INFO - [2025-09-09T10:18:15.562+0530] {dag.py:3954} INFO - Setting next_dagrun for example_short_circuit_operator to 2025-09-08 00:00:00+00:00, run_after=2025-09-09 00:00:00+00:00
[2025-09-09T10:18:15.675+0530] {processor.py:183} INFO - Processing /home/sparshgoyal/airflow_weather/venv/lib/python3.12/site-packages/airflow/example_dags/example_short_circuit_operator.py took 0.323 seconds
[2025-09-09T10:19:24.331+0530] {processor.py:161} INFO - Started process (PID=6338) to work on /home/sparshgoyal/airflow_weather/venv/lib/python3.12/site-packages/airflow/example_dags/example_short_circuit_operator.py
[2025-09-09T10:19:24.341+0530] {processor.py:830} INFO - Processing file /home/sparshgoyal/airflow_weather/venv/lib/python3.12/site-packages/airflow/example_dags/example_short_circuit_operator.py for tasks to queue
[2025-09-09T10:19:24.344+0530] {logging_mixin.py:188} INFO - [2025-09-09T10:19:24.343+0530] {dagbag.py:545} INFO - Filling up the DagBag from /home/sparshgoyal/airflow_weather/venv/lib/python3.12/site-packages/airflow/example_dags/example_short_circuit_operator.py
[2025-09-09T10:19:24.354+0530] {processor.py:840} INFO - DAG(s) 'example_short_circuit_operator' retrieved from /home/sparshgoyal/airflow_weather/venv/lib/python3.12/site-packages/airflow/example_dags/example_short_circuit_operator.py
[2025-09-09T10:19:24.380+0530] {logging_mixin.py:188} INFO - [2025-09-09T10:19:24.380+0530] {dag.py:3096} INFO - Sync 1 DAGs
[2025-09-09T10:19:24.405+0530] {logging_mixin.py:188} INFO - [2025-09-09T10:19:24.404+0530] {dag.py:3954} INFO - Setting next_dagrun for example_short_circuit_operator to 2025-09-08 00:00:00+00:00, run_after=2025-09-09 00:00:00+00:00
[2025-09-09T10:19:24.500+0530] {processor.py:183} INFO - Processing /home/sparshgoyal/airflow_weather/venv/lib/python3.12/site-packages/airflow/example_dags/example_short_circuit_operator.py took 0.177 seconds
[2025-09-09T10:20:28.482+0530] {processor.py:161} INFO - Started process (PID=6413) to work on /home/sparshgoyal/airflow_weather/venv/lib/python3.12/site-packages/airflow/example_dags/example_short_circuit_operator.py
[2025-09-09T10:20:28.484+0530] {processor.py:830} INFO - Processing file /home/sparshgoyal/airflow_weather/venv/lib/python3.12/site-packages/airflow/example_dags/example_short_circuit_operator.py for tasks to queue
[2025-09-09T10:20:28.488+0530] {logging_mixin.py:188} INFO - [2025-09-09T10:20:28.487+0530] {dagbag.py:545} INFO - Filling up the DagBag from /home/sparshgoyal/airflow_weather/venv/lib/python3.12/site-packages/airflow/example_dags/example_short_circuit_operator.py
[2025-09-09T10:20:28.499+0530] {processor.py:840} INFO - DAG(s) 'example_short_circuit_operator' retrieved from /home/sparshgoyal/airflow_weather/venv/lib/python3.12/site-packages/airflow/example_dags/example_short_circuit_operator.py
[2025-09-09T10:20:28.527+0530] {logging_mixin.py:188} INFO - [2025-09-09T10:20:28.526+0530] {dag.py:3096} INFO - Sync 1 DAGs
[2025-09-09T10:20:28.557+0530] {logging_mixin.py:188} INFO - [2025-09-09T10:20:28.557+0530] {dag.py:3954} INFO - Setting next_dagrun for example_short_circuit_operator to 2025-09-08 00:00:00+00:00, run_after=2025-09-09 00:00:00+00:00
[2025-09-09T10:20:28.658+0530] {processor.py:183} INFO - Processing /home/sparshgoyal/airflow_weather/venv/lib/python3.12/site-packages/airflow/example_dags/example_short_circuit_operator.py took 0.183 seconds
