[2025-09-09T10:18:44.456+0530] {processor.py:161} INFO - Started process (PID=6290) to work on /home/sparshgoyal/airflow_weather/venv/lib/python3.12/site-packages/airflow/example_dags/example_datasets.py
[2025-09-09T10:18:44.457+0530] {processor.py:830} INFO - Processing file /home/sparshgoyal/airflow_weather/venv/lib/python3.12/site-packages/airflow/example_dags/example_datasets.py for tasks to queue
[2025-09-09T10:18:44.459+0530] {logging_mixin.py:188} INFO - [2025-09-09T10:18:44.459+0530] {dagbag.py:545} INFO - Filling up the DagBag from /home/sparshgoyal/airflow_weather/venv/lib/python3.12/site-packages/airflow/example_dags/example_datasets.py
[2025-09-09T10:18:44.524+0530] {processor.py:840} INFO - DAG(s) 'consume_1_or_both_2_and_3_with_dataset_expressions', 'dataset_consumes_1_never_scheduled', 'consume_1_or_2_with_dataset_expressions', 'consume_1_and_2_with_dataset_expressions', 'dataset_produces_1', 'dataset_consumes_1_and_2', 'dataset_consumes_1', 'dataset_produces_2', 'dataset_consumes_unknown_never_scheduled', 'conditional_dataset_and_time_based_timetable' retrieved from /home/sparshgoyal/airflow_weather/venv/lib/python3.12/site-packages/airflow/example_dags/example_datasets.py
[2025-09-09T10:18:44.718+0530] {logging_mixin.py:188} INFO - [2025-09-09T10:18:44.718+0530] {dag.py:3096} INFO - Sync 10 DAGs
[2025-09-09T10:18:44.744+0530] {logging_mixin.py:188} INFO - [2025-09-09T10:18:44.744+0530] {dag.py:3954} INFO - Setting next_dagrun for conditional_dataset_and_time_based_timetable to 2025-09-03 01:00:00+00:00, run_after=2025-09-03 01:00:00+00:00
[2025-09-09T10:18:44.748+0530] {logging_mixin.py:188} INFO - [2025-09-09T10:18:44.748+0530] {dag.py:3954} INFO - Setting next_dagrun for consume_1_and_2_with_dataset_expressions to None, run_after=None
[2025-09-09T10:18:44.749+0530] {logging_mixin.py:188} INFO - [2025-09-09T10:18:44.749+0530] {dag.py:3954} INFO - Setting next_dagrun for consume_1_or_2_with_dataset_expressions to None, run_after=None
[2025-09-09T10:18:44.750+0530] {logging_mixin.py:188} INFO - [2025-09-09T10:18:44.750+0530] {dag.py:3954} INFO - Setting next_dagrun for consume_1_or_both_2_and_3_with_dataset_expressions to None, run_after=None
[2025-09-09T10:18:44.751+0530] {logging_mixin.py:188} INFO - [2025-09-09T10:18:44.751+0530] {dag.py:3954} INFO - Setting next_dagrun for dataset_consumes_1 to None, run_after=None
[2025-09-09T10:18:44.752+0530] {logging_mixin.py:188} INFO - [2025-09-09T10:18:44.752+0530] {dag.py:3954} INFO - Setting next_dagrun for dataset_consumes_1_and_2 to None, run_after=None
[2025-09-09T10:18:44.753+0530] {logging_mixin.py:188} INFO - [2025-09-09T10:18:44.753+0530] {dag.py:3954} INFO - Setting next_dagrun for dataset_consumes_1_never_scheduled to None, run_after=None
[2025-09-09T10:18:44.754+0530] {logging_mixin.py:188} INFO - [2025-09-09T10:18:44.754+0530] {dag.py:3954} INFO - Setting next_dagrun for dataset_consumes_unknown_never_scheduled to None, run_after=None
[2025-09-09T10:18:44.756+0530] {logging_mixin.py:188} INFO - [2025-09-09T10:18:44.756+0530] {dag.py:3954} INFO - Setting next_dagrun for dataset_produces_1 to 2025-09-08 00:00:00+00:00, run_after=2025-09-09 00:00:00+00:00
[2025-09-09T10:18:44.757+0530] {logging_mixin.py:188} INFO - [2025-09-09T10:18:44.757+0530] {dag.py:3954} INFO - Setting next_dagrun for dataset_produces_2 to None, run_after=None
[2025-09-09T10:18:44.899+0530] {processor.py:183} INFO - Processing /home/sparshgoyal/airflow_weather/venv/lib/python3.12/site-packages/airflow/example_dags/example_datasets.py took 0.450 seconds
[2025-09-09T10:19:54.995+0530] {processor.py:161} INFO - Started process (PID=6372) to work on /home/sparshgoyal/airflow_weather/venv/lib/python3.12/site-packages/airflow/example_dags/example_datasets.py
[2025-09-09T10:19:54.997+0530] {processor.py:830} INFO - Processing file /home/sparshgoyal/airflow_weather/venv/lib/python3.12/site-packages/airflow/example_dags/example_datasets.py for tasks to queue
[2025-09-09T10:19:54.999+0530] {logging_mixin.py:188} INFO - [2025-09-09T10:19:54.998+0530] {dagbag.py:545} INFO - Filling up the DagBag from /home/sparshgoyal/airflow_weather/venv/lib/python3.12/site-packages/airflow/example_dags/example_datasets.py
[2025-09-09T10:19:55.023+0530] {processor.py:840} INFO - DAG(s) 'dataset_consumes_unknown_never_scheduled', 'consume_1_or_2_with_dataset_expressions', 'consume_1_or_both_2_and_3_with_dataset_expressions', 'dataset_consumes_1_never_scheduled', 'dataset_produces_2', 'dataset_produces_1', 'dataset_consumes_1', 'dataset_consumes_1_and_2', 'conditional_dataset_and_time_based_timetable', 'consume_1_and_2_with_dataset_expressions' retrieved from /home/sparshgoyal/airflow_weather/venv/lib/python3.12/site-packages/airflow/example_dags/example_datasets.py
[2025-09-09T10:19:55.186+0530] {logging_mixin.py:188} INFO - [2025-09-09T10:19:55.186+0530] {dag.py:3096} INFO - Sync 10 DAGs
[2025-09-09T10:19:55.213+0530] {logging_mixin.py:188} INFO - [2025-09-09T10:19:55.213+0530] {dag.py:3954} INFO - Setting next_dagrun for conditional_dataset_and_time_based_timetable to 2025-09-03 01:00:00+00:00, run_after=2025-09-03 01:00:00+00:00
[2025-09-09T10:19:55.217+0530] {logging_mixin.py:188} INFO - [2025-09-09T10:19:55.217+0530] {dag.py:3954} INFO - Setting next_dagrun for consume_1_and_2_with_dataset_expressions to None, run_after=None
[2025-09-09T10:19:55.219+0530] {logging_mixin.py:188} INFO - [2025-09-09T10:19:55.218+0530] {dag.py:3954} INFO - Setting next_dagrun for consume_1_or_2_with_dataset_expressions to None, run_after=None
[2025-09-09T10:19:55.220+0530] {logging_mixin.py:188} INFO - [2025-09-09T10:19:55.219+0530] {dag.py:3954} INFO - Setting next_dagrun for consume_1_or_both_2_and_3_with_dataset_expressions to None, run_after=None
[2025-09-09T10:19:55.221+0530] {logging_mixin.py:188} INFO - [2025-09-09T10:19:55.220+0530] {dag.py:3954} INFO - Setting next_dagrun for dataset_consumes_1 to None, run_after=None
[2025-09-09T10:19:55.221+0530] {logging_mixin.py:188} INFO - [2025-09-09T10:19:55.221+0530] {dag.py:3954} INFO - Setting next_dagrun for dataset_consumes_1_and_2 to None, run_after=None
[2025-09-09T10:19:55.222+0530] {logging_mixin.py:188} INFO - [2025-09-09T10:19:55.222+0530] {dag.py:3954} INFO - Setting next_dagrun for dataset_consumes_1_never_scheduled to None, run_after=None
[2025-09-09T10:19:55.223+0530] {logging_mixin.py:188} INFO - [2025-09-09T10:19:55.223+0530] {dag.py:3954} INFO - Setting next_dagrun for dataset_consumes_unknown_never_scheduled to None, run_after=None
[2025-09-09T10:19:55.226+0530] {logging_mixin.py:188} INFO - [2025-09-09T10:19:55.226+0530] {dag.py:3954} INFO - Setting next_dagrun for dataset_produces_1 to 2025-09-08 00:00:00+00:00, run_after=2025-09-09 00:00:00+00:00
[2025-09-09T10:19:55.227+0530] {logging_mixin.py:188} INFO - [2025-09-09T10:19:55.227+0530] {dag.py:3954} INFO - Setting next_dagrun for dataset_produces_2 to None, run_after=None
[2025-09-09T10:19:55.346+0530] {processor.py:183} INFO - Processing /home/sparshgoyal/airflow_weather/venv/lib/python3.12/site-packages/airflow/example_dags/example_datasets.py took 0.359 seconds
