[2025-09-09T10:17:27.954+0530] {processor.py:161} INFO - Started process (PID=6171) to work on /home/sparshgoyal/airflow_weather/venv/lib/python3.12/site-packages/airflow/example_dags/tutorial_taskflow_api.py
[2025-09-09T10:17:27.954+0530] {processor.py:830} INFO - Processing file /home/sparshgoyal/airflow_weather/venv/lib/python3.12/site-packages/airflow/example_dags/tutorial_taskflow_api.py for tasks to queue
[2025-09-09T10:17:27.956+0530] {logging_mixin.py:188} INFO - [2025-09-09T10:17:27.956+0530] {dagbag.py:545} INFO - Filling up the DagBag from /home/sparshgoyal/airflow_weather/venv/lib/python3.12/site-packages/airflow/example_dags/tutorial_taskflow_api.py
[2025-09-09T10:17:27.999+0530] {processor.py:840} INFO - DAG(s) 'tutorial_taskflow_api' retrieved from /home/sparshgoyal/airflow_weather/venv/lib/python3.12/site-packages/airflow/example_dags/tutorial_taskflow_api.py
[2025-09-09T10:17:29.534+0530] {logging_mixin.py:188} INFO - [2025-09-09T10:17:29.534+0530] {dag.py:3096} INFO - Sync 1 DAGs
[2025-09-09T10:17:29.602+0530] {logging_mixin.py:188} INFO - [2025-09-09T10:17:29.601+0530] {dag.py:3954} INFO - Setting next_dagrun for tutorial_taskflow_api to None, run_after=None
[2025-09-09T10:17:29.837+0530] {processor.py:183} INFO - Processing /home/sparshgoyal/airflow_weather/venv/lib/python3.12/site-packages/airflow/example_dags/tutorial_taskflow_api.py took 1.891 seconds
[2025-09-09T10:19:06.823+0530] {processor.py:161} INFO - Started process (PID=6319) to work on /home/sparshgoyal/airflow_weather/venv/lib/python3.12/site-packages/airflow/example_dags/tutorial_taskflow_api.py
[2025-09-09T10:19:06.845+0530] {processor.py:830} INFO - Processing file /home/sparshgoyal/airflow_weather/venv/lib/python3.12/site-packages/airflow/example_dags/tutorial_taskflow_api.py for tasks to queue
[2025-09-09T10:19:06.847+0530] {logging_mixin.py:188} INFO - [2025-09-09T10:19:06.847+0530] {dagbag.py:545} INFO - Filling up the DagBag from /home/sparshgoyal/airflow_weather/venv/lib/python3.12/site-packages/airflow/example_dags/tutorial_taskflow_api.py
[2025-09-09T10:19:06.870+0530] {processor.py:840} INFO - DAG(s) 'tutorial_taskflow_api' retrieved from /home/sparshgoyal/airflow_weather/venv/lib/python3.12/site-packages/airflow/example_dags/tutorial_taskflow_api.py
[2025-09-09T10:19:06.895+0530] {logging_mixin.py:188} INFO - [2025-09-09T10:19:06.895+0530] {dag.py:3096} INFO - Sync 1 DAGs
[2025-09-09T10:19:06.913+0530] {logging_mixin.py:188} INFO - [2025-09-09T10:19:06.913+0530] {dag.py:3954} INFO - Setting next_dagrun for tutorial_taskflow_api to None, run_after=None
[2025-09-09T10:19:07.012+0530] {processor.py:183} INFO - Processing /home/sparshgoyal/airflow_weather/venv/lib/python3.12/site-packages/airflow/example_dags/tutorial_taskflow_api.py took 0.197 seconds
[2025-09-09T10:20:11.958+0530] {processor.py:161} INFO - Started process (PID=6393) to work on /home/sparshgoyal/airflow_weather/venv/lib/python3.12/site-packages/airflow/example_dags/tutorial_taskflow_api.py
[2025-09-09T10:20:11.974+0530] {processor.py:830} INFO - Processing file /home/sparshgoyal/airflow_weather/venv/lib/python3.12/site-packages/airflow/example_dags/tutorial_taskflow_api.py for tasks to queue
[2025-09-09T10:20:11.977+0530] {logging_mixin.py:188} INFO - [2025-09-09T10:20:11.976+0530] {dagbag.py:545} INFO - Filling up the DagBag from /home/sparshgoyal/airflow_weather/venv/lib/python3.12/site-packages/airflow/example_dags/tutorial_taskflow_api.py
[2025-09-09T10:20:11.986+0530] {processor.py:840} INFO - DAG(s) 'tutorial_taskflow_api' retrieved from /home/sparshgoyal/airflow_weather/venv/lib/python3.12/site-packages/airflow/example_dags/tutorial_taskflow_api.py
[2025-09-09T10:20:12.008+0530] {logging_mixin.py:188} INFO - [2025-09-09T10:20:12.008+0530] {dag.py:3096} INFO - Sync 1 DAGs
[2025-09-09T10:20:12.023+0530] {logging_mixin.py:188} INFO - [2025-09-09T10:20:12.023+0530] {dag.py:3954} INFO - Setting next_dagrun for tutorial_taskflow_api to None, run_after=None
[2025-09-09T10:20:12.121+0530] {processor.py:183} INFO - Processing /home/sparshgoyal/airflow_weather/venv/lib/python3.12/site-packages/airflow/example_dags/tutorial_taskflow_api.py took 0.171 seconds
