[2025-09-09T10:17:05.612+0530] {manager.py:470} INFO - Processing files using up to 1 processes at a time 
[2025-09-09T10:17:05.613+0530] {manager.py:471} INFO - Process each file at most once every 30 seconds
[2025-09-09T10:17:05.613+0530] {manager.py:472} INFO - Checking for new files in /home/sparshgoyal/airflow_weather/airflow_home/dags every 300 seconds
[2025-09-09T10:17:05.614+0530] {manager.py:737} INFO - Searching for files in /home/sparshgoyal/airflow_weather/airflow_home/dags
[2025-09-09T10:17:05.660+0530] {manager.py:740} INFO - There are 51 files in /home/sparshgoyal/airflow_weather/airflow_home/dags
[2025-09-09T10:17:05.861+0530] {manager.py:878} INFO - 
================================================================================
DAG File Processing Stats

File Path                                                                                                                                            PID    Runtime      # DAGs    # Errors  Last Runtime    Last Run
---------------------------------------------------------------------------------------------------------------------------------------------------  -----  ---------  --------  ----------  --------------  -------------------
/home/sparshgoyal/airflow_weather/venv/lib/python3.12/site-packages/airflow/example_dags/subdags/subdag.py                                                                    0           0  0.10s           2025-09-09T04:47:05
/home/sparshgoyal/airflow_weather/venv/lib/python3.12/site-packages/airflow/example_dags/example_subdag_operator.py                                                           0           0
/home/sparshgoyal/airflow_weather/venv/lib/python3.12/site-packages/airflow/example_dags/example_dynamic_task_mapping_with_no_taskflow_operators.py                           0           0
/home/sparshgoyal/airflow_weather/venv/lib/python3.12/site-packages/airflow/example_dags/example_dynamic_task_mapping.py                                                      0           0
/home/sparshgoyal/airflow_weather/venv/lib/python3.12/site-packages/airflow/example_dags/example_python_operator.py                                                           0           0
/home/sparshgoyal/airflow_weather/venv/lib/python3.12/site-packages/airflow/example_dags/example_params_trigger_ui.py                                                         0           0
/home/sparshgoyal/airflow_weather/venv/lib/python3.12/site-packages/airflow/example_dags/example_branch_operator_decorator.py                                                 0           0
/home/sparshgoyal/airflow_weather/venv/lib/python3.12/site-packages/airflow/example_dags/tutorial_taskflow_api_virtualenv.py                                                  0           0
/home/sparshgoyal/airflow_weather/venv/lib/python3.12/site-packages/airflow/example_dags/example_branch_datetime_operator.py                                                  0           0
/home/sparshgoyal/airflow_weather/venv/lib/python3.12/site-packages/airflow/example_dags/example_params_ui_tutorial.py                                                        0           0
/home/sparshgoyal/airflow_weather/venv/lib/python3.12/site-packages/airflow/example_dags/example_sla_dag.py                                                                   0           0
/home/sparshgoyal/airflow_weather/venv/lib/python3.12/site-packages/airflow/example_dags/example_setup_teardown_taskflow.py                                                   0           0
/home/sparshgoyal/airflow_weather/venv/lib/python3.12/site-packages/airflow/example_dags/example_external_task_marker_dag.py                                                  0           0
/home/sparshgoyal/airflow_weather/venv/lib/python3.12/site-packages/airflow/example_dags/example_xcomargs.py                                                                  0           0
/home/sparshgoyal/airflow_weather/venv/lib/python3.12/site-packages/airflow/example_dags/example_branch_operator.py                                                           0           0
/home/sparshgoyal/airflow_weather/venv/lib/python3.12/site-packages/airflow/example_dags/example_xcom.py                                                                      0           0
/home/sparshgoyal/airflow_weather/venv/lib/python3.12/site-packages/airflow/example_dags/tutorial.py                                                                          0           0
/home/sparshgoyal/airflow_weather/venv/lib/python3.12/site-packages/airflow/example_dags/example_display_name.py                                                              0           0
/home/sparshgoyal/airflow_weather/venv/lib/python3.12/site-packages/airflow/example_dags/tutorial_taskflow_api.py                                                             0           0
/home/sparshgoyal/airflow_weather/venv/lib/python3.12/site-packages/airflow/example_dags/tutorial_objectstorage.py                                                            0           0
/home/sparshgoyal/airflow_weather/venv/lib/python3.12/site-packages/airflow/example_dags/example_skip_dag.py                                                                  0           0
/home/sparshgoyal/airflow_weather/venv/lib/python3.12/site-packages/airflow/example_dags/example_sensors.py                                                                   0           0
/home/sparshgoyal/airflow_weather/venv/lib/python3.12/site-packages/airflow/example_dags/example_kubernetes_executor.py                                                       0           0
/home/sparshgoyal/airflow_weather/venv/lib/python3.12/site-packages/airflow/example_dags/example_trigger_controller_dag.py                                                    0           0
/home/sparshgoyal/airflow_weather/venv/lib/python3.12/site-packages/airflow/example_dags/example_dag_decorator.py                                                             0           0
/home/sparshgoyal/airflow_weather/venv/lib/python3.12/site-packages/airflow/example_dags/example_complex.py                                                                   0           0
/home/sparshgoyal/airflow_weather/venv/lib/python3.12/site-packages/airflow/example_dags/example_trigger_target_dag.py                                                        0           0
/home/sparshgoyal/airflow_weather/venv/lib/python3.12/site-packages/airflow/example_dags/example_branch_day_of_week_operator.py                                               0           0
/home/sparshgoyal/airflow_weather/venv/lib/python3.12/site-packages/airflow/example_dags/example_python_decorator.py                                                          0           0
/home/sparshgoyal/airflow_weather/venv/lib/python3.12/site-packages/airflow/example_dags/example_latest_only.py                                                               0           0
/home/sparshgoyal/airflow_weather/venv/lib/python3.12/site-packages/airflow/example_dags/example_datasets.py                                                                  0           0
/home/sparshgoyal/airflow_weather/venv/lib/python3.12/site-packages/airflow/example_dags/example_bash_decorator.py                                                            0           0
/home/sparshgoyal/airflow_weather/venv/lib/python3.12/site-packages/airflow/example_dags/example_passing_params_via_test_command.py                                           0           0
/home/sparshgoyal/airflow_weather/venv/lib/python3.12/site-packages/airflow/example_dags/example_time_delta_sensor_async.py                                                   0           0
/home/sparshgoyal/airflow_weather/venv/lib/python3.12/site-packages/airflow/example_dags/example_setup_teardown.py                                                            0           0
/home/sparshgoyal/airflow_weather/venv/lib/python3.12/site-packages/airflow/example_dags/example_short_circuit_decorator.py                                                   0           0
/home/sparshgoyal/airflow_weather/venv/lib/python3.12/site-packages/airflow/example_dags/example_branch_labels.py                                                             0           0
/home/sparshgoyal/airflow_weather/venv/lib/python3.12/site-packages/airflow/example_dags/example_branch_python_dop_operator_3.py                                              0           0
/home/sparshgoyal/airflow_weather/venv/lib/python3.12/site-packages/airflow/example_dags/tutorial_dag.py                                                                      0           0
/home/sparshgoyal/airflow_weather/venv/lib/python3.12/site-packages/airflow/example_dags/example_short_circuit_operator.py                                                    0           0
/home/sparshgoyal/airflow_weather/venv/lib/python3.12/site-packages/airflow/example_dags/example_task_group_decorator.py                                                      0           0
/home/sparshgoyal/airflow_weather/venv/lib/python3.12/site-packages/airflow/example_dags/example_bash_operator.py                                                             0           0
/home/sparshgoyal/airflow_weather/venv/lib/python3.12/site-packages/airflow/example_dags/example_sensor_decorator.py                                                          0           0
/home/sparshgoyal/airflow_weather/venv/lib/python3.12/site-packages/airflow/example_dags/example_latest_only_with_trigger.py                                                  0           0
/home/sparshgoyal/airflow_weather/venv/lib/python3.12/site-packages/airflow/example_dags/example_task_group.py                                                                0           0
/home/sparshgoyal/airflow_weather/venv/lib/python3.12/site-packages/airflow/example_dags/example_nested_branch_dag.py                                                         0           0
/home/sparshgoyal/airflow_weather/venv/lib/python3.12/site-packages/airflow/example_dags/example_local_kubernetes_executor.py                                                 0           0
/home/sparshgoyal/airflow_weather/venv/lib/python3.12/site-packages/airflow/example_dags/plugins/listener_plugin.py                                                           0           0
/home/sparshgoyal/airflow_weather/venv/lib/python3.12/site-packages/airflow/example_dags/plugins/workday.py                                                                   0           0
/home/sparshgoyal/airflow_weather/venv/lib/python3.12/site-packages/airflow/example_dags/plugins/decreasing_priority_weight_strategy.py                                       0           0
/home/sparshgoyal/airflow_weather/venv/lib/python3.12/site-packages/airflow/example_dags/plugins/event_listener.py                                                            0           0
================================================================================
[2025-09-09T10:17:36.511+0530] {manager.py:878} INFO - 
================================================================================
DAG File Processing Stats

File Path                                                                                                                                            PID    Runtime      # DAGs    # Errors  Last Runtime    Last Run
---------------------------------------------------------------------------------------------------------------------------------------------------  -----  ---------  --------  ----------  --------------  -------------------
/home/sparshgoyal/airflow_weather/venv/lib/python3.12/site-packages/airflow/example_dags/tutorial_objectstorage.py                                                            1           0  5.43s           2025-09-09T04:47:36
/home/sparshgoyal/airflow_weather/venv/lib/python3.12/site-packages/airflow/example_dags/tutorial_taskflow_api_virtualenv.py                                                  0           0  2.02s           2025-09-09T04:47:25
/home/sparshgoyal/airflow_weather/venv/lib/python3.12/site-packages/airflow/example_dags/tutorial_taskflow_api.py                                                             1           0  1.91s           2025-09-09T04:47:29
/home/sparshgoyal/airflow_weather/venv/lib/python3.12/site-packages/airflow/example_dags/plugins/decreasing_priority_weight_strategy.py                                       0           0  0.31s           2025-09-09T04:47:13
/home/sparshgoyal/airflow_weather/venv/lib/python3.12/site-packages/airflow/example_dags/plugins/event_listener.py                                                            0           0  0.21s           2025-09-09T04:47:10
/home/sparshgoyal/airflow_weather/venv/lib/python3.12/site-packages/airflow/example_dags/plugins/workday.py                                                                   0           0  0.11s           2025-09-09T04:47:07
/home/sparshgoyal/airflow_weather/venv/lib/python3.12/site-packages/airflow/example_dags/plugins/listener_plugin.py                                                           0           0  0.11s           2025-09-09T04:47:08
/home/sparshgoyal/airflow_weather/venv/lib/python3.12/site-packages/airflow/example_dags/subdags/subdag.py                                                                    0           0  0.10s           2025-09-09T04:47:05
/home/sparshgoyal/airflow_weather/venv/lib/python3.12/site-packages/airflow/example_dags/example_subdag_operator.py                                                           0           0
/home/sparshgoyal/airflow_weather/venv/lib/python3.12/site-packages/airflow/example_dags/example_dynamic_task_mapping_with_no_taskflow_operators.py                           0           0
/home/sparshgoyal/airflow_weather/venv/lib/python3.12/site-packages/airflow/example_dags/example_dynamic_task_mapping.py                                                      0           0
/home/sparshgoyal/airflow_weather/venv/lib/python3.12/site-packages/airflow/example_dags/example_python_operator.py                                                           0           0
/home/sparshgoyal/airflow_weather/venv/lib/python3.12/site-packages/airflow/example_dags/example_params_trigger_ui.py                                                         0           0
/home/sparshgoyal/airflow_weather/venv/lib/python3.12/site-packages/airflow/example_dags/example_branch_operator_decorator.py                                                 0           0
/home/sparshgoyal/airflow_weather/venv/lib/python3.12/site-packages/airflow/example_dags/example_branch_datetime_operator.py                                                  0           0
/home/sparshgoyal/airflow_weather/venv/lib/python3.12/site-packages/airflow/example_dags/example_params_ui_tutorial.py                                                        0           0
/home/sparshgoyal/airflow_weather/venv/lib/python3.12/site-packages/airflow/example_dags/example_sla_dag.py                                                                   0           0
/home/sparshgoyal/airflow_weather/venv/lib/python3.12/site-packages/airflow/example_dags/example_setup_teardown_taskflow.py                                                   0           0
/home/sparshgoyal/airflow_weather/venv/lib/python3.12/site-packages/airflow/example_dags/example_external_task_marker_dag.py                                                  0           0
/home/sparshgoyal/airflow_weather/venv/lib/python3.12/site-packages/airflow/example_dags/example_xcomargs.py                                                                  0           0
/home/sparshgoyal/airflow_weather/venv/lib/python3.12/site-packages/airflow/example_dags/example_branch_operator.py                                                           0           0
/home/sparshgoyal/airflow_weather/venv/lib/python3.12/site-packages/airflow/example_dags/example_xcom.py                                                                      0           0
/home/sparshgoyal/airflow_weather/venv/lib/python3.12/site-packages/airflow/example_dags/tutorial.py                                                                          0           0
/home/sparshgoyal/airflow_weather/venv/lib/python3.12/site-packages/airflow/example_dags/example_display_name.py                                                              0           0
/home/sparshgoyal/airflow_weather/venv/lib/python3.12/site-packages/airflow/example_dags/example_skip_dag.py                                                                  0           0
/home/sparshgoyal/airflow_weather/venv/lib/python3.12/site-packages/airflow/example_dags/example_sensors.py                                                                   0           0
/home/sparshgoyal/airflow_weather/venv/lib/python3.12/site-packages/airflow/example_dags/example_kubernetes_executor.py                                                       0           0
/home/sparshgoyal/airflow_weather/venv/lib/python3.12/site-packages/airflow/example_dags/example_trigger_controller_dag.py                                                    0           0
/home/sparshgoyal/airflow_weather/venv/lib/python3.12/site-packages/airflow/example_dags/example_dag_decorator.py                                                             0           0
/home/sparshgoyal/airflow_weather/venv/lib/python3.12/site-packages/airflow/example_dags/example_complex.py                                                                   0           0
/home/sparshgoyal/airflow_weather/venv/lib/python3.12/site-packages/airflow/example_dags/example_trigger_target_dag.py                                                        0           0
/home/sparshgoyal/airflow_weather/venv/lib/python3.12/site-packages/airflow/example_dags/example_branch_day_of_week_operator.py                                               0           0
/home/sparshgoyal/airflow_weather/venv/lib/python3.12/site-packages/airflow/example_dags/example_python_decorator.py                                                          0           0
/home/sparshgoyal/airflow_weather/venv/lib/python3.12/site-packages/airflow/example_dags/example_latest_only.py                                                               0           0
/home/sparshgoyal/airflow_weather/venv/lib/python3.12/site-packages/airflow/example_dags/example_datasets.py                                                                  0           0
/home/sparshgoyal/airflow_weather/venv/lib/python3.12/site-packages/airflow/example_dags/example_bash_decorator.py                                                            0           0
/home/sparshgoyal/airflow_weather/venv/lib/python3.12/site-packages/airflow/example_dags/example_passing_params_via_test_command.py                                           0           0
/home/sparshgoyal/airflow_weather/venv/lib/python3.12/site-packages/airflow/example_dags/example_time_delta_sensor_async.py                                                   0           0
/home/sparshgoyal/airflow_weather/venv/lib/python3.12/site-packages/airflow/example_dags/example_setup_teardown.py                                                            0           0
/home/sparshgoyal/airflow_weather/venv/lib/python3.12/site-packages/airflow/example_dags/example_short_circuit_decorator.py                                                   0           0
/home/sparshgoyal/airflow_weather/venv/lib/python3.12/site-packages/airflow/example_dags/example_branch_labels.py                                                             0           0
/home/sparshgoyal/airflow_weather/venv/lib/python3.12/site-packages/airflow/example_dags/example_branch_python_dop_operator_3.py                                              0           0
/home/sparshgoyal/airflow_weather/venv/lib/python3.12/site-packages/airflow/example_dags/tutorial_dag.py                                                                      0           0
/home/sparshgoyal/airflow_weather/venv/lib/python3.12/site-packages/airflow/example_dags/example_short_circuit_operator.py                                                    0           0
/home/sparshgoyal/airflow_weather/venv/lib/python3.12/site-packages/airflow/example_dags/example_task_group_decorator.py                                                      0           0
/home/sparshgoyal/airflow_weather/venv/lib/python3.12/site-packages/airflow/example_dags/example_bash_operator.py                                                             0           0
/home/sparshgoyal/airflow_weather/venv/lib/python3.12/site-packages/airflow/example_dags/example_sensor_decorator.py                                                          0           0
/home/sparshgoyal/airflow_weather/venv/lib/python3.12/site-packages/airflow/example_dags/example_latest_only_with_trigger.py                                                  0           0
/home/sparshgoyal/airflow_weather/venv/lib/python3.12/site-packages/airflow/example_dags/example_task_group.py                                                                0           0
/home/sparshgoyal/airflow_weather/venv/lib/python3.12/site-packages/airflow/example_dags/example_nested_branch_dag.py                                                         0           0
/home/sparshgoyal/airflow_weather/venv/lib/python3.12/site-packages/airflow/example_dags/example_local_kubernetes_executor.py                                                 0           0
================================================================================
[2025-09-09T10:18:09.125+0530] {manager.py:878} INFO - 
================================================================================
DAG File Processing Stats

File Path                                                                                                                                            PID    Runtime      # DAGs    # Errors  Last Runtime    Last Run
---------------------------------------------------------------------------------------------------------------------------------------------------  -----  ---------  --------  ----------  --------------  -------------------
/home/sparshgoyal/airflow_weather/venv/lib/python3.12/site-packages/airflow/example_dags/tutorial_dag.py                                                                      1           0  7.03s           2025-09-09T04:47:46
/home/sparshgoyal/airflow_weather/venv/lib/python3.12/site-packages/airflow/example_dags/tutorial_objectstorage.py                                                            1           0  5.43s           2025-09-09T04:47:36
/home/sparshgoyal/airflow_weather/venv/lib/python3.12/site-packages/airflow/example_dags/example_task_group_decorator.py                                                      1           0  4.42s           2025-09-09T04:48:06
/home/sparshgoyal/airflow_weather/venv/lib/python3.12/site-packages/airflow/example_dags/tutorial_taskflow_api_virtualenv.py                                                  0           0  2.02s           2025-09-09T04:47:25
/home/sparshgoyal/airflow_weather/venv/lib/python3.12/site-packages/airflow/example_dags/tutorial_taskflow_api.py                                                             1           0  1.91s           2025-09-09T04:47:29
/home/sparshgoyal/airflow_weather/venv/lib/python3.12/site-packages/airflow/example_dags/example_task_group.py                                                                1           0  0.51s           2025-09-09T04:48:09
/home/sparshgoyal/airflow_weather/venv/lib/python3.12/site-packages/airflow/example_dags/example_xcomargs.py                                                                  2           0  0.51s           2025-09-09T04:47:55
/home/sparshgoyal/airflow_weather/venv/lib/python3.12/site-packages/airflow/example_dags/example_xcom.py                                                                      1           0  0.41s           2025-09-09T04:47:56
/home/sparshgoyal/airflow_weather/venv/lib/python3.12/site-packages/airflow/example_dags/tutorial.py                                                                          1           0  0.41s           2025-09-09T04:47:53
/home/sparshgoyal/airflow_weather/venv/lib/python3.12/site-packages/airflow/example_dags/example_trigger_controller_dag.py                                                    1           0  0.41s           2025-09-09T04:47:59
/home/sparshgoyal/airflow_weather/venv/lib/python3.12/site-packages/airflow/example_dags/example_time_delta_sensor_async.py                                                   1           0  0.31s           2025-09-09T04:48:00
/home/sparshgoyal/airflow_weather/venv/lib/python3.12/site-packages/airflow/example_dags/example_trigger_target_dag.py                                                        1           0  0.31s           2025-09-09T04:47:57
/home/sparshgoyal/airflow_weather/venv/lib/python3.12/site-packages/airflow/example_dags/plugins/decreasing_priority_weight_strategy.py                                       0           0  0.31s           2025-09-09T04:47:13
/home/sparshgoyal/airflow_weather/venv/lib/python3.12/site-packages/airflow/example_dags/plugins/event_listener.py                                                            0           0  0.21s           2025-09-09T04:47:10
/home/sparshgoyal/airflow_weather/venv/lib/python3.12/site-packages/airflow/example_dags/plugins/workday.py                                                                   0           0  0.11s           2025-09-09T04:47:07
/home/sparshgoyal/airflow_weather/venv/lib/python3.12/site-packages/airflow/example_dags/plugins/listener_plugin.py                                                           0           0  0.11s           2025-09-09T04:47:08
/home/sparshgoyal/airflow_weather/venv/lib/python3.12/site-packages/airflow/example_dags/subdags/subdag.py                                                                    0           0  0.10s           2025-09-09T04:47:05
/home/sparshgoyal/airflow_weather/venv/lib/python3.12/site-packages/airflow/example_dags/example_subdag_operator.py                                                           0           0
/home/sparshgoyal/airflow_weather/venv/lib/python3.12/site-packages/airflow/example_dags/example_dynamic_task_mapping_with_no_taskflow_operators.py                           0           0
/home/sparshgoyal/airflow_weather/venv/lib/python3.12/site-packages/airflow/example_dags/example_dynamic_task_mapping.py                                                      0           0
/home/sparshgoyal/airflow_weather/venv/lib/python3.12/site-packages/airflow/example_dags/example_python_operator.py                                                           0           0
/home/sparshgoyal/airflow_weather/venv/lib/python3.12/site-packages/airflow/example_dags/example_params_trigger_ui.py                                                         0           0
/home/sparshgoyal/airflow_weather/venv/lib/python3.12/site-packages/airflow/example_dags/example_branch_operator_decorator.py                                                 0           0
/home/sparshgoyal/airflow_weather/venv/lib/python3.12/site-packages/airflow/example_dags/example_branch_datetime_operator.py                                                  0           0
/home/sparshgoyal/airflow_weather/venv/lib/python3.12/site-packages/airflow/example_dags/example_params_ui_tutorial.py                                                        0           0
/home/sparshgoyal/airflow_weather/venv/lib/python3.12/site-packages/airflow/example_dags/example_sla_dag.py                                                                   0           0
/home/sparshgoyal/airflow_weather/venv/lib/python3.12/site-packages/airflow/example_dags/example_setup_teardown_taskflow.py                                                   0           0
/home/sparshgoyal/airflow_weather/venv/lib/python3.12/site-packages/airflow/example_dags/example_external_task_marker_dag.py                                                  0           0
/home/sparshgoyal/airflow_weather/venv/lib/python3.12/site-packages/airflow/example_dags/example_branch_operator.py                                                           0           0
/home/sparshgoyal/airflow_weather/venv/lib/python3.12/site-packages/airflow/example_dags/example_display_name.py                                                              0           0
/home/sparshgoyal/airflow_weather/venv/lib/python3.12/site-packages/airflow/example_dags/example_skip_dag.py                                                                  0           0
/home/sparshgoyal/airflow_weather/venv/lib/python3.12/site-packages/airflow/example_dags/example_sensors.py                                                                   0           0
/home/sparshgoyal/airflow_weather/venv/lib/python3.12/site-packages/airflow/example_dags/example_kubernetes_executor.py                                                       0           0
/home/sparshgoyal/airflow_weather/venv/lib/python3.12/site-packages/airflow/example_dags/example_dag_decorator.py                                                             0           0
/home/sparshgoyal/airflow_weather/venv/lib/python3.12/site-packages/airflow/example_dags/example_complex.py                                                                   0           0
/home/sparshgoyal/airflow_weather/venv/lib/python3.12/site-packages/airflow/example_dags/example_branch_day_of_week_operator.py                                               0           0
/home/sparshgoyal/airflow_weather/venv/lib/python3.12/site-packages/airflow/example_dags/example_python_decorator.py                                                          0           0
/home/sparshgoyal/airflow_weather/venv/lib/python3.12/site-packages/airflow/example_dags/example_latest_only.py                                                               0           0
/home/sparshgoyal/airflow_weather/venv/lib/python3.12/site-packages/airflow/example_dags/example_datasets.py                                                                  0           0
/home/sparshgoyal/airflow_weather/venv/lib/python3.12/site-packages/airflow/example_dags/example_bash_decorator.py                                                            0           0
/home/sparshgoyal/airflow_weather/venv/lib/python3.12/site-packages/airflow/example_dags/example_passing_params_via_test_command.py                                           0           0
/home/sparshgoyal/airflow_weather/venv/lib/python3.12/site-packages/airflow/example_dags/example_setup_teardown.py                                                            0           0
/home/sparshgoyal/airflow_weather/venv/lib/python3.12/site-packages/airflow/example_dags/example_short_circuit_decorator.py                                                   0           0
/home/sparshgoyal/airflow_weather/venv/lib/python3.12/site-packages/airflow/example_dags/example_branch_labels.py                                                             0           0
/home/sparshgoyal/airflow_weather/venv/lib/python3.12/site-packages/airflow/example_dags/example_branch_python_dop_operator_3.py                                              0           0
/home/sparshgoyal/airflow_weather/venv/lib/python3.12/site-packages/airflow/example_dags/example_short_circuit_operator.py                                                    0           0
/home/sparshgoyal/airflow_weather/venv/lib/python3.12/site-packages/airflow/example_dags/example_bash_operator.py                                                             0           0
/home/sparshgoyal/airflow_weather/venv/lib/python3.12/site-packages/airflow/example_dags/example_sensor_decorator.py                                                          0           0
/home/sparshgoyal/airflow_weather/venv/lib/python3.12/site-packages/airflow/example_dags/example_latest_only_with_trigger.py                                                  0           0
/home/sparshgoyal/airflow_weather/venv/lib/python3.12/site-packages/airflow/example_dags/example_nested_branch_dag.py                                                         0           0
/home/sparshgoyal/airflow_weather/venv/lib/python3.12/site-packages/airflow/example_dags/example_local_kubernetes_executor.py                                                 0           0
================================================================================
[2025-09-09T10:18:39.261+0530] {manager.py:878} INFO - 
================================================================================
DAG File Processing Stats

File Path                                                                                                                                            PID    Runtime      # DAGs    # Errors  Last Runtime    Last Run
---------------------------------------------------------------------------------------------------------------------------------------------------  -----  ---------  --------  ----------  --------------  -------------------
/home/sparshgoyal/airflow_weather/venv/lib/python3.12/site-packages/airflow/example_dags/tutorial_dag.py                                                                      1           0  7.03s           2025-09-09T04:47:46
/home/sparshgoyal/airflow_weather/venv/lib/python3.12/site-packages/airflow/example_dags/tutorial_objectstorage.py                                                            1           0  5.43s           2025-09-09T04:47:36
/home/sparshgoyal/airflow_weather/venv/lib/python3.12/site-packages/airflow/example_dags/example_task_group_decorator.py                                                      1           0  4.42s           2025-09-09T04:48:06
/home/sparshgoyal/airflow_weather/venv/lib/python3.12/site-packages/airflow/example_dags/tutorial_taskflow_api_virtualenv.py                                                  0           0  2.02s           2025-09-09T04:47:25
/home/sparshgoyal/airflow_weather/venv/lib/python3.12/site-packages/airflow/example_dags/tutorial_taskflow_api.py                                                             1           0  1.91s           2025-09-09T04:47:29
/home/sparshgoyal/airflow_weather/venv/lib/python3.12/site-packages/airflow/example_dags/example_sensor_decorator.py                                                          1           0  1.01s           2025-09-09T04:48:23
/home/sparshgoyal/airflow_weather/venv/lib/python3.12/site-packages/airflow/example_dags/example_sla_dag.py                                                                   1           0  0.71s           2025-09-09T04:48:12
/home/sparshgoyal/airflow_weather/venv/lib/python3.12/site-packages/airflow/example_dags/example_python_operator.py                                                           1           0  0.61s           2025-09-09T04:48:24
/home/sparshgoyal/airflow_weather/venv/lib/python3.12/site-packages/airflow/example_dags/example_task_group.py                                                                1           0  0.51s           2025-09-09T04:48:09
/home/sparshgoyal/airflow_weather/venv/lib/python3.12/site-packages/airflow/example_dags/example_latest_only.py                                                               1           0  0.51s           2025-09-09T04:48:36
/home/sparshgoyal/airflow_weather/venv/lib/python3.12/site-packages/airflow/example_dags/example_sensors.py                                                                   1           0  0.51s           2025-09-09T04:48:21
/home/sparshgoyal/airflow_weather/venv/lib/python3.12/site-packages/airflow/example_dags/example_xcomargs.py                                                                  2           0  0.51s           2025-09-09T04:47:55
/home/sparshgoyal/airflow_weather/venv/lib/python3.12/site-packages/airflow/example_dags/example_skip_dag.py                                                                  1           0  0.51s           2025-09-09T04:48:14
/home/sparshgoyal/airflow_weather/venv/lib/python3.12/site-packages/airflow/example_dags/example_nested_branch_dag.py                                                         1           0  0.51s           2025-09-09T04:48:32
/home/sparshgoyal/airflow_weather/venv/lib/python3.12/site-packages/airflow/example_dags/example_latest_only_with_trigger.py                                                  1           0  0.51s           2025-09-09T04:48:34
/home/sparshgoyal/airflow_weather/venv/lib/python3.12/site-packages/airflow/example_dags/example_params_ui_tutorial.py                                                        1           0  0.41s           2025-09-09T04:48:29
/home/sparshgoyal/airflow_weather/venv/lib/python3.12/site-packages/airflow/example_dags/example_short_circuit_decorator.py                                                   1           0  0.41s           2025-09-09T04:48:17
/home/sparshgoyal/airflow_weather/venv/lib/python3.12/site-packages/airflow/example_dags/example_xcom.py                                                                      1           0  0.41s           2025-09-09T04:47:56
/home/sparshgoyal/airflow_weather/venv/lib/python3.12/site-packages/airflow/example_dags/example_python_decorator.py                                                          1           0  0.41s           2025-09-09T04:48:26
/home/sparshgoyal/airflow_weather/venv/lib/python3.12/site-packages/airflow/example_dags/example_params_trigger_ui.py                                                         1           0  0.41s           2025-09-09T04:48:30
/home/sparshgoyal/airflow_weather/venv/lib/python3.12/site-packages/airflow/example_dags/tutorial.py                                                                          1           0  0.41s           2025-09-09T04:47:53
/home/sparshgoyal/airflow_weather/venv/lib/python3.12/site-packages/airflow/example_dags/example_setup_teardown_taskflow.py                                                   1           0  0.41s           2025-09-09T04:48:18
/home/sparshgoyal/airflow_weather/venv/lib/python3.12/site-packages/airflow/example_dags/example_setup_teardown.py                                                            1           0  0.41s           2025-09-09T04:48:19
/home/sparshgoyal/airflow_weather/venv/lib/python3.12/site-packages/airflow/example_dags/example_subdag_operator.py                                                           3           0  0.41s           2025-09-09T04:48:10
/home/sparshgoyal/airflow_weather/venv/lib/python3.12/site-packages/airflow/example_dags/example_short_circuit_operator.py                                                    1           0  0.41s           2025-09-09T04:48:15
/home/sparshgoyal/airflow_weather/venv/lib/python3.12/site-packages/airflow/example_dags/example_trigger_controller_dag.py                                                    1           0  0.41s           2025-09-09T04:47:59
/home/sparshgoyal/airflow_weather/venv/lib/python3.12/site-packages/airflow/example_dags/example_passing_params_via_test_command.py                                           1           0  0.41s           2025-09-09T04:48:27
/home/sparshgoyal/airflow_weather/venv/lib/python3.12/site-packages/airflow/example_dags/example_time_delta_sensor_async.py                                                   1           0  0.31s           2025-09-09T04:48:00
/home/sparshgoyal/airflow_weather/venv/lib/python3.12/site-packages/airflow/example_dags/example_trigger_target_dag.py                                                        1           0  0.31s           2025-09-09T04:47:57
/home/sparshgoyal/airflow_weather/venv/lib/python3.12/site-packages/airflow/example_dags/plugins/decreasing_priority_weight_strategy.py                                       0           0  0.31s           2025-09-09T04:47:13
/home/sparshgoyal/airflow_weather/venv/lib/python3.12/site-packages/airflow/example_dags/example_external_task_marker_dag.py                                                  2           0  0.31s           2025-09-09T04:48:39
/home/sparshgoyal/airflow_weather/venv/lib/python3.12/site-packages/airflow/example_dags/plugins/event_listener.py                                                            0           0  0.21s           2025-09-09T04:47:10
/home/sparshgoyal/airflow_weather/venv/lib/python3.12/site-packages/airflow/example_dags/example_kubernetes_executor.py                                                       0           0  0.11s           2025-09-09T04:48:37
/home/sparshgoyal/airflow_weather/venv/lib/python3.12/site-packages/airflow/example_dags/plugins/workday.py                                                                   0           0  0.11s           2025-09-09T04:47:07
/home/sparshgoyal/airflow_weather/venv/lib/python3.12/site-packages/airflow/example_dags/example_local_kubernetes_executor.py                                                 0           0  0.11s           2025-09-09T04:48:33
/home/sparshgoyal/airflow_weather/venv/lib/python3.12/site-packages/airflow/example_dags/plugins/listener_plugin.py                                                           0           0  0.11s           2025-09-09T04:47:08
/home/sparshgoyal/airflow_weather/venv/lib/python3.12/site-packages/airflow/example_dags/subdags/subdag.py                                                                    0           0  0.10s           2025-09-09T04:47:05
/home/sparshgoyal/airflow_weather/venv/lib/python3.12/site-packages/airflow/example_dags/example_dynamic_task_mapping_with_no_taskflow_operators.py                           0           0
/home/sparshgoyal/airflow_weather/venv/lib/python3.12/site-packages/airflow/example_dags/example_dynamic_task_mapping.py                                                      0           0
/home/sparshgoyal/airflow_weather/venv/lib/python3.12/site-packages/airflow/example_dags/example_branch_operator_decorator.py                                                 0           0
/home/sparshgoyal/airflow_weather/venv/lib/python3.12/site-packages/airflow/example_dags/example_branch_datetime_operator.py                                                  0           0
/home/sparshgoyal/airflow_weather/venv/lib/python3.12/site-packages/airflow/example_dags/example_branch_operator.py                                                           0           0
/home/sparshgoyal/airflow_weather/venv/lib/python3.12/site-packages/airflow/example_dags/example_display_name.py                                                              0           0
/home/sparshgoyal/airflow_weather/venv/lib/python3.12/site-packages/airflow/example_dags/example_dag_decorator.py                                                             0           0
/home/sparshgoyal/airflow_weather/venv/lib/python3.12/site-packages/airflow/example_dags/example_complex.py                                                                   0           0
/home/sparshgoyal/airflow_weather/venv/lib/python3.12/site-packages/airflow/example_dags/example_branch_day_of_week_operator.py                                               0           0
/home/sparshgoyal/airflow_weather/venv/lib/python3.12/site-packages/airflow/example_dags/example_datasets.py                                                                  0           0
/home/sparshgoyal/airflow_weather/venv/lib/python3.12/site-packages/airflow/example_dags/example_bash_decorator.py                                                            0           0
/home/sparshgoyal/airflow_weather/venv/lib/python3.12/site-packages/airflow/example_dags/example_branch_labels.py                                                             0           0
/home/sparshgoyal/airflow_weather/venv/lib/python3.12/site-packages/airflow/example_dags/example_branch_python_dop_operator_3.py                                              0           0
/home/sparshgoyal/airflow_weather/venv/lib/python3.12/site-packages/airflow/example_dags/example_bash_operator.py                                                             0           0
================================================================================
[2025-09-09T10:19:10.197+0530] {manager.py:878} INFO - 
================================================================================
DAG File Processing Stats

File Path                                                                                                                                            PID    Runtime      # DAGs    # Errors  Last Runtime    Last Run
---------------------------------------------------------------------------------------------------------------------------------------------------  -----  ---------  --------  ----------  --------------  -------------------
/home/sparshgoyal/airflow_weather/venv/lib/python3.12/site-packages/airflow/example_dags/example_task_group_decorator.py                                                      1           0  4.42s           2025-09-09T04:48:06
/home/sparshgoyal/airflow_weather/venv/lib/python3.12/site-packages/airflow/example_dags/example_dag_decorator.py                                                             1           0  1.32s           2025-09-09T04:48:46
/home/sparshgoyal/airflow_weather/venv/lib/python3.12/site-packages/airflow/example_dags/example_sensor_decorator.py                                                          1           0  1.01s           2025-09-09T04:48:23
/home/sparshgoyal/airflow_weather/venv/lib/python3.12/site-packages/airflow/example_dags/example_bash_operator.py                                                             1           0  0.71s           2025-09-09T04:48:58
/home/sparshgoyal/airflow_weather/venv/lib/python3.12/site-packages/airflow/example_dags/example_sla_dag.py                                                                   1           0  0.71s           2025-09-09T04:48:12
/home/sparshgoyal/airflow_weather/venv/lib/python3.12/site-packages/airflow/example_dags/example_python_operator.py                                                           1           0  0.61s           2025-09-09T04:48:24
/home/sparshgoyal/airflow_weather/venv/lib/python3.12/site-packages/airflow/example_dags/example_task_group.py                                                                1           0  0.51s           2025-09-09T04:48:09
/home/sparshgoyal/airflow_weather/venv/lib/python3.12/site-packages/airflow/example_dags/example_latest_only.py                                                               1           0  0.51s           2025-09-09T04:48:36
/home/sparshgoyal/airflow_weather/venv/lib/python3.12/site-packages/airflow/example_dags/example_sensors.py                                                                   1           0  0.51s           2025-09-09T04:48:21
/home/sparshgoyal/airflow_weather/venv/lib/python3.12/site-packages/airflow/example_dags/example_xcomargs.py                                                                  2           0  0.51s           2025-09-09T04:47:55
/home/sparshgoyal/airflow_weather/venv/lib/python3.12/site-packages/airflow/example_dags/example_skip_dag.py                                                                  1           0  0.51s           2025-09-09T04:48:14
/home/sparshgoyal/airflow_weather/venv/lib/python3.12/site-packages/airflow/example_dags/example_datasets.py                                                                 10           0  0.51s           2025-09-09T04:48:44
/home/sparshgoyal/airflow_weather/venv/lib/python3.12/site-packages/airflow/example_dags/example_nested_branch_dag.py                                                         1           0  0.51s           2025-09-09T04:48:32
/home/sparshgoyal/airflow_weather/venv/lib/python3.12/site-packages/airflow/example_dags/example_latest_only_with_trigger.py                                                  1           0  0.51s           2025-09-09T04:48:34
/home/sparshgoyal/airflow_weather/venv/lib/python3.12/site-packages/airflow/example_dags/example_complex.py                                                                   1           0  0.41s           2025-09-09T04:48:48
/home/sparshgoyal/airflow_weather/venv/lib/python3.12/site-packages/airflow/example_dags/example_params_ui_tutorial.py                                                        1           0  0.41s           2025-09-09T04:48:29
/home/sparshgoyal/airflow_weather/venv/lib/python3.12/site-packages/airflow/example_dags/example_short_circuit_decorator.py                                                   1           0  0.41s           2025-09-09T04:48:17
/home/sparshgoyal/airflow_weather/venv/lib/python3.12/site-packages/airflow/example_dags/example_xcom.py                                                                      1           0  0.41s           2025-09-09T04:47:56
/home/sparshgoyal/airflow_weather/venv/lib/python3.12/site-packages/airflow/example_dags/example_python_decorator.py                                                          1           0  0.41s           2025-09-09T04:48:26
/home/sparshgoyal/airflow_weather/venv/lib/python3.12/site-packages/airflow/example_dags/example_params_trigger_ui.py                                                         1           0  0.41s           2025-09-09T04:48:30
/home/sparshgoyal/airflow_weather/venv/lib/python3.12/site-packages/airflow/example_dags/example_setup_teardown_taskflow.py                                                   1           0  0.41s           2025-09-09T04:48:18
/home/sparshgoyal/airflow_weather/venv/lib/python3.12/site-packages/airflow/example_dags/example_setup_teardown.py                                                            1           0  0.41s           2025-09-09T04:48:19
/home/sparshgoyal/airflow_weather/venv/lib/python3.12/site-packages/airflow/example_dags/example_subdag_operator.py                                                           3           0  0.41s           2025-09-09T04:48:10
/home/sparshgoyal/airflow_weather/venv/lib/python3.12/site-packages/airflow/example_dags/example_short_circuit_operator.py                                                    1           0  0.41s           2025-09-09T04:48:15
/home/sparshgoyal/airflow_weather/venv/lib/python3.12/site-packages/airflow/example_dags/example_trigger_controller_dag.py                                                    1           0  0.41s           2025-09-09T04:47:59
/home/sparshgoyal/airflow_weather/venv/lib/python3.12/site-packages/airflow/example_dags/example_display_name.py                                                              1           0  0.41s           2025-09-09T04:48:43
/home/sparshgoyal/airflow_weather/venv/lib/python3.12/site-packages/airflow/example_dags/example_branch_labels.py                                                             1           0  0.41s           2025-09-09T04:48:53
/home/sparshgoyal/airflow_weather/venv/lib/python3.12/site-packages/airflow/example_dags/example_dynamic_task_mapping_with_no_taskflow_operators.py                           1           0  0.41s           2025-09-09T04:48:40
/home/sparshgoyal/airflow_weather/venv/lib/python3.12/site-packages/airflow/example_dags/example_passing_params_via_test_command.py                                           1           0  0.41s           2025-09-09T04:48:27
/home/sparshgoyal/airflow_weather/venv/lib/python3.12/site-packages/airflow/example_dags/example_branch_datetime_operator.py                                                  3           0  0.41s           2025-09-09T04:48:56
/home/sparshgoyal/airflow_weather/venv/lib/python3.12/site-packages/airflow/example_dags/example_dynamic_task_mapping.py                                                      1           0  0.31s           2025-09-09T04:48:41
/home/sparshgoyal/airflow_weather/venv/lib/python3.12/site-packages/airflow/example_dags/example_time_delta_sensor_async.py                                                   1           0  0.31s           2025-09-09T04:48:00
/home/sparshgoyal/airflow_weather/venv/lib/python3.12/site-packages/airflow/example_dags/example_bash_decorator.py                                                            1           0  0.31s           2025-09-09T04:48:58
/home/sparshgoyal/airflow_weather/venv/lib/python3.12/site-packages/airflow/example_dags/example_branch_day_of_week_operator.py                                               1           0  0.31s           2025-09-09T04:48:55
/home/sparshgoyal/airflow_weather/venv/lib/python3.12/site-packages/airflow/example_dags/tutorial_taskflow_api.py                                                             1           0  0.31s           2025-09-09T04:49:07
/home/sparshgoyal/airflow_weather/venv/lib/python3.12/site-packages/airflow/example_dags/example_trigger_target_dag.py                                                        1           0  0.31s           2025-09-09T04:47:57
/home/sparshgoyal/airflow_weather/venv/lib/python3.12/site-packages/airflow/example_dags/example_branch_python_dop_operator_3.py                                              1           0  0.31s           2025-09-09T04:48:49
/home/sparshgoyal/airflow_weather/venv/lib/python3.12/site-packages/airflow/example_dags/example_external_task_marker_dag.py                                                  2           0  0.31s           2025-09-09T04:48:39
/home/sparshgoyal/airflow_weather/venv/lib/python3.12/site-packages/airflow/example_dags/tutorial.py                                                                          1           0  0.21s           2025-09-09T04:49:10
/home/sparshgoyal/airflow_weather/venv/lib/python3.12/site-packages/airflow/example_dags/tutorial_dag.py                                                                      1           0  0.21s           2025-09-09T04:49:08
/home/sparshgoyal/airflow_weather/venv/lib/python3.12/site-packages/airflow/example_dags/tutorial_objectstorage.py                                                            1           0  0.21s           2025-09-09T04:49:07
/home/sparshgoyal/airflow_weather/venv/lib/python3.12/site-packages/airflow/example_dags/plugins/event_listener.py                                                            0           0  0.11s           2025-09-09T04:49:03
/home/sparshgoyal/airflow_weather/venv/lib/python3.12/site-packages/airflow/example_dags/plugins/decreasing_priority_weight_strategy.py                                       0           0  0.11s           2025-09-09T04:49:04
/home/sparshgoyal/airflow_weather/venv/lib/python3.12/site-packages/airflow/example_dags/example_kubernetes_executor.py                                                       0           0  0.11s           2025-09-09T04:48:37
/home/sparshgoyal/airflow_weather/venv/lib/python3.12/site-packages/airflow/example_dags/plugins/workday.py                                                                   0           0  0.11s           2025-09-09T04:49:01
/home/sparshgoyal/airflow_weather/venv/lib/python3.12/site-packages/airflow/example_dags/subdags/subdag.py                                                                    0           0  0.11s           2025-09-09T04:48:59
/home/sparshgoyal/airflow_weather/venv/lib/python3.12/site-packages/airflow/example_dags/tutorial_taskflow_api_virtualenv.py                                                  0           0  0.11s           2025-09-09T04:49:05
/home/sparshgoyal/airflow_weather/venv/lib/python3.12/site-packages/airflow/example_dags/example_branch_operator_decorator.py                                                 0           0  0.11s           2025-09-09T04:48:50
/home/sparshgoyal/airflow_weather/venv/lib/python3.12/site-packages/airflow/example_dags/plugins/listener_plugin.py                                                           0           0  0.11s           2025-09-09T04:49:02
/home/sparshgoyal/airflow_weather/venv/lib/python3.12/site-packages/airflow/example_dags/example_branch_operator.py                                                           0           0  0.11s           2025-09-09T04:48:52
/home/sparshgoyal/airflow_weather/venv/lib/python3.12/site-packages/airflow/example_dags/example_local_kubernetes_executor.py                                                 0           0  0.11s           2025-09-09T04:48:33
================================================================================
[2025-09-09T10:19:40.532+0530] {manager.py:878} INFO - 
================================================================================
DAG File Processing Stats

File Path                                                                                                                                            PID    Runtime      # DAGs    # Errors  Last Runtime    Last Run
---------------------------------------------------------------------------------------------------------------------------------------------------  -----  ---------  --------  ----------  --------------  -------------------
/home/sparshgoyal/airflow_weather/venv/lib/python3.12/site-packages/airflow/example_dags/example_dag_decorator.py                                                             1           0  1.32s           2025-09-09T04:48:46
/home/sparshgoyal/airflow_weather/venv/lib/python3.12/site-packages/airflow/example_dags/example_bash_operator.py                                                             1           0  0.71s           2025-09-09T04:48:58
/home/sparshgoyal/airflow_weather/venv/lib/python3.12/site-packages/airflow/example_dags/example_latest_only.py                                                               1           0  0.51s           2025-09-09T04:48:36
/home/sparshgoyal/airflow_weather/venv/lib/python3.12/site-packages/airflow/example_dags/example_datasets.py                                                                 10           0  0.51s           2025-09-09T04:48:44
/home/sparshgoyal/airflow_weather/venv/lib/python3.12/site-packages/airflow/example_dags/example_nested_branch_dag.py                                                         1           0  0.51s           2025-09-09T04:48:32
/home/sparshgoyal/airflow_weather/venv/lib/python3.12/site-packages/airflow/example_dags/example_latest_only_with_trigger.py                                                  1           0  0.51s           2025-09-09T04:48:34
/home/sparshgoyal/airflow_weather/venv/lib/python3.12/site-packages/airflow/example_dags/example_complex.py                                                                   1           0  0.41s           2025-09-09T04:48:48
/home/sparshgoyal/airflow_weather/venv/lib/python3.12/site-packages/airflow/example_dags/example_params_trigger_ui.py                                                         1           0  0.41s           2025-09-09T04:48:30
/home/sparshgoyal/airflow_weather/venv/lib/python3.12/site-packages/airflow/example_dags/example_display_name.py                                                              1           0  0.41s           2025-09-09T04:48:43
/home/sparshgoyal/airflow_weather/venv/lib/python3.12/site-packages/airflow/example_dags/example_branch_labels.py                                                             1           0  0.41s           2025-09-09T04:48:53
/home/sparshgoyal/airflow_weather/venv/lib/python3.12/site-packages/airflow/example_dags/example_dynamic_task_mapping_with_no_taskflow_operators.py                           1           0  0.41s           2025-09-09T04:48:40
/home/sparshgoyal/airflow_weather/venv/lib/python3.12/site-packages/airflow/example_dags/example_branch_datetime_operator.py                                                  3           0  0.41s           2025-09-09T04:48:56
/home/sparshgoyal/airflow_weather/venv/lib/python3.12/site-packages/airflow/example_dags/example_dynamic_task_mapping.py                                                      1           0  0.31s           2025-09-09T04:48:41
/home/sparshgoyal/airflow_weather/venv/lib/python3.12/site-packages/airflow/example_dags/example_xcom.py                                                                      1           0  0.31s           2025-09-09T04:49:12
/home/sparshgoyal/airflow_weather/venv/lib/python3.12/site-packages/airflow/example_dags/example_bash_decorator.py                                                            1           0  0.31s           2025-09-09T04:48:58
/home/sparshgoyal/airflow_weather/venv/lib/python3.12/site-packages/airflow/example_dags/example_setup_teardown_taskflow.py                                                   1           0  0.31s           2025-09-09T04:49:26
/home/sparshgoyal/airflow_weather/venv/lib/python3.12/site-packages/airflow/example_dags/example_branch_day_of_week_operator.py                                               1           0  0.31s           2025-09-09T04:48:55
/home/sparshgoyal/airflow_weather/venv/lib/python3.12/site-packages/airflow/example_dags/example_xcomargs.py                                                                  2           0  0.31s           2025-09-09T04:49:11
/home/sparshgoyal/airflow_weather/venv/lib/python3.12/site-packages/airflow/example_dags/example_task_group_decorator.py                                                      1           0  0.31s           2025-09-09T04:49:18
/home/sparshgoyal/airflow_weather/venv/lib/python3.12/site-packages/airflow/example_dags/tutorial_taskflow_api.py                                                             1           0  0.31s           2025-09-09T04:49:07
/home/sparshgoyal/airflow_weather/venv/lib/python3.12/site-packages/airflow/example_dags/example_subdag_operator.py                                                           3           0  0.31s           2025-09-09T04:49:20
/home/sparshgoyal/airflow_weather/venv/lib/python3.12/site-packages/airflow/example_dags/example_branch_python_dop_operator_3.py                                              1           0  0.31s           2025-09-09T04:48:49
/home/sparshgoyal/airflow_weather/venv/lib/python3.12/site-packages/airflow/example_dags/example_external_task_marker_dag.py                                                  2           0  0.31s           2025-09-09T04:48:39
/home/sparshgoyal/airflow_weather/venv/lib/python3.12/site-packages/airflow/example_dags/example_params_ui_tutorial.py                                                        1           0  0.22s           2025-09-09T04:49:35
/home/sparshgoyal/airflow_weather/venv/lib/python3.12/site-packages/airflow/example_dags/example_task_group.py                                                                1           0  0.21s           2025-09-09T04:49:19
/home/sparshgoyal/airflow_weather/venv/lib/python3.12/site-packages/airflow/example_dags/example_setup_teardown.py                                                            1           0  0.21s           2025-09-09T04:49:28
/home/sparshgoyal/airflow_weather/venv/lib/python3.12/site-packages/airflow/example_dags/example_short_circuit_decorator.py                                                   1           0  0.21s           2025-09-09T04:49:25
/home/sparshgoyal/airflow_weather/venv/lib/python3.12/site-packages/airflow/example_dags/example_short_circuit_operator.py                                                    1           0  0.21s           2025-09-09T04:49:24
/home/sparshgoyal/airflow_weather/venv/lib/python3.12/site-packages/airflow/example_dags/example_skip_dag.py                                                                  1           0  0.21s           2025-09-09T04:49:23
/home/sparshgoyal/airflow_weather/venv/lib/python3.12/site-packages/airflow/example_dags/example_trigger_target_dag.py                                                        1           0  0.21s           2025-09-09T04:49:14
/home/sparshgoyal/airflow_weather/venv/lib/python3.12/site-packages/airflow/example_dags/tutorial.py                                                                          1           0  0.21s           2025-09-09T04:49:10
/home/sparshgoyal/airflow_weather/venv/lib/python3.12/site-packages/airflow/example_dags/example_python_decorator.py                                                          1           0  0.21s           2025-09-09T04:49:32
/home/sparshgoyal/airflow_weather/venv/lib/python3.12/site-packages/airflow/example_dags/example_sensor_decorator.py                                                          1           0  0.21s           2025-09-09T04:49:29
/home/sparshgoyal/airflow_weather/venv/lib/python3.12/site-packages/airflow/example_dags/example_python_operator.py                                                           1           0  0.21s           2025-09-09T04:49:31
/home/sparshgoyal/airflow_weather/venv/lib/python3.12/site-packages/airflow/example_dags/example_sensors.py                                                                   1           0  0.21s           2025-09-09T04:49:29
/home/sparshgoyal/airflow_weather/venv/lib/python3.12/site-packages/airflow/example_dags/example_sla_dag.py                                                                   1           0  0.21s           2025-09-09T04:49:21
/home/sparshgoyal/airflow_weather/venv/lib/python3.12/site-packages/airflow/example_dags/example_passing_params_via_test_command.py                                           1           0  0.21s           2025-09-09T04:49:33
/home/sparshgoyal/airflow_weather/venv/lib/python3.12/site-packages/airflow/example_dags/example_trigger_controller_dag.py                                                    1           0  0.21s           2025-09-09T04:49:15
/home/sparshgoyal/airflow_weather/venv/lib/python3.12/site-packages/airflow/example_dags/tutorial_dag.py                                                                      1           0  0.21s           2025-09-09T04:49:08
/home/sparshgoyal/airflow_weather/venv/lib/python3.12/site-packages/airflow/example_dags/example_time_delta_sensor_async.py                                                   1           0  0.21s           2025-09-09T04:49:16
/home/sparshgoyal/airflow_weather/venv/lib/python3.12/site-packages/airflow/example_dags/tutorial_objectstorage.py                                                            1           0  0.21s           2025-09-09T04:49:07
/home/sparshgoyal/airflow_weather/venv/lib/python3.12/site-packages/airflow/example_dags/subdags/subdag.py                                                                    0           0  0.11s           2025-09-09T04:49:36
/home/sparshgoyal/airflow_weather/venv/lib/python3.12/site-packages/airflow/example_dags/plugins/decreasing_priority_weight_strategy.py                                       0           0  0.11s           2025-09-09T04:49:40
/home/sparshgoyal/airflow_weather/venv/lib/python3.12/site-packages/airflow/example_dags/example_kubernetes_executor.py                                                       0           0  0.11s           2025-09-09T04:48:37
/home/sparshgoyal/airflow_weather/venv/lib/python3.12/site-packages/airflow/example_dags/plugins/listener_plugin.py                                                           0           0  0.11s           2025-09-09T04:49:38
/home/sparshgoyal/airflow_weather/venv/lib/python3.12/site-packages/airflow/example_dags/plugins/event_listener.py                                                            0           0  0.11s           2025-09-09T04:49:39
/home/sparshgoyal/airflow_weather/venv/lib/python3.12/site-packages/airflow/example_dags/tutorial_taskflow_api_virtualenv.py                                                  0           0  0.11s           2025-09-09T04:49:05
/home/sparshgoyal/airflow_weather/venv/lib/python3.12/site-packages/airflow/example_dags/example_branch_operator_decorator.py                                                 0           0  0.11s           2025-09-09T04:48:50
/home/sparshgoyal/airflow_weather/venv/lib/python3.12/site-packages/airflow/example_dags/plugins/workday.py                                                                   0           0  0.11s           2025-09-09T04:49:37
/home/sparshgoyal/airflow_weather/venv/lib/python3.12/site-packages/airflow/example_dags/example_branch_operator.py                                                           0           0  0.11s           2025-09-09T04:48:52
/home/sparshgoyal/airflow_weather/venv/lib/python3.12/site-packages/airflow/example_dags/example_local_kubernetes_executor.py                                                 0           0  0.11s           2025-09-09T04:48:33
================================================================================
[2025-09-09T10:20:11.487+0530] {manager.py:878} INFO - 
================================================================================
DAG File Processing Stats

File Path                                                                                                                                            PID    Runtime      # DAGs    # Errors  Last Runtime    Last Run
---------------------------------------------------------------------------------------------------------------------------------------------------  -----  ---------  --------  ----------  --------------  -------------------
/home/sparshgoyal/airflow_weather/venv/lib/python3.12/site-packages/airflow/example_dags/example_dag_decorator.py                                                             1           0  0.51s           2025-09-09T04:49:56
/home/sparshgoyal/airflow_weather/venv/lib/python3.12/site-packages/airflow/example_dags/example_datasets.py                                                                 10           0  0.41s           2025-09-09T04:49:55
/home/sparshgoyal/airflow_weather/venv/lib/python3.12/site-packages/airflow/example_dags/example_dynamic_task_mapping.py                                                      1           0  0.41s           2025-09-09T04:49:52
/home/sparshgoyal/airflow_weather/venv/lib/python3.12/site-packages/airflow/example_dags/example_xcom.py                                                                      1           0  0.31s           2025-09-09T04:49:12
/home/sparshgoyal/airflow_weather/venv/lib/python3.12/site-packages/airflow/example_dags/example_setup_teardown_taskflow.py                                                   1           0  0.31s           2025-09-09T04:49:26
/home/sparshgoyal/airflow_weather/venv/lib/python3.12/site-packages/airflow/example_dags/example_branch_python_dop_operator_3.py                                              1           0  0.31s           2025-09-09T04:49:59
/home/sparshgoyal/airflow_weather/venv/lib/python3.12/site-packages/airflow/example_dags/example_branch_datetime_operator.py                                                  3           0  0.31s           2025-09-09T04:50:04
/home/sparshgoyal/airflow_weather/venv/lib/python3.12/site-packages/airflow/example_dags/example_xcomargs.py                                                                  2           0  0.31s           2025-09-09T04:49:11
/home/sparshgoyal/airflow_weather/venv/lib/python3.12/site-packages/airflow/example_dags/example_task_group_decorator.py                                                      1           0  0.31s           2025-09-09T04:49:18
/home/sparshgoyal/airflow_weather/venv/lib/python3.12/site-packages/airflow/example_dags/example_params_trigger_ui.py                                                         1           0  0.31s           2025-09-09T04:49:43
/home/sparshgoyal/airflow_weather/venv/lib/python3.12/site-packages/airflow/example_dags/tutorial_taskflow_api.py                                                             1           0  0.31s           2025-09-09T04:49:07
/home/sparshgoyal/airflow_weather/venv/lib/python3.12/site-packages/airflow/example_dags/example_subdag_operator.py                                                           3           0  0.31s           2025-09-09T04:49:20
/home/sparshgoyal/airflow_weather/venv/lib/python3.12/site-packages/airflow/example_dags/example_params_ui_tutorial.py                                                        1           0  0.22s           2025-09-09T04:49:35
/home/sparshgoyal/airflow_weather/venv/lib/python3.12/site-packages/airflow/example_dags/example_task_group.py                                                                1           0  0.21s           2025-09-09T04:49:19
/home/sparshgoyal/airflow_weather/venv/lib/python3.12/site-packages/airflow/example_dags/example_nested_branch_dag.py                                                         1           0  0.21s           2025-09-09T04:49:44
/home/sparshgoyal/airflow_weather/venv/lib/python3.12/site-packages/airflow/example_dags/example_setup_teardown.py                                                            1           0  0.21s           2025-09-09T04:49:28
/home/sparshgoyal/airflow_weather/venv/lib/python3.12/site-packages/airflow/example_dags/example_bash_decorator.py                                                            1           0  0.21s           2025-09-09T04:50:07
/home/sparshgoyal/airflow_weather/venv/lib/python3.12/site-packages/airflow/example_dags/example_dynamic_task_mapping_with_no_taskflow_operators.py                           1           0  0.21s           2025-09-09T04:49:51
/home/sparshgoyal/airflow_weather/venv/lib/python3.12/site-packages/airflow/example_dags/example_short_circuit_decorator.py                                                   1           0  0.21s           2025-09-09T04:49:25
/home/sparshgoyal/airflow_weather/venv/lib/python3.12/site-packages/airflow/example_dags/example_short_circuit_operator.py                                                    1           0  0.21s           2025-09-09T04:49:24
/home/sparshgoyal/airflow_weather/venv/lib/python3.12/site-packages/airflow/example_dags/example_skip_dag.py                                                                  1           0  0.21s           2025-09-09T04:49:23
/home/sparshgoyal/airflow_weather/venv/lib/python3.12/site-packages/airflow/example_dags/example_branch_day_of_week_operator.py                                               1           0  0.21s           2025-09-09T04:50:03
/home/sparshgoyal/airflow_weather/venv/lib/python3.12/site-packages/airflow/example_dags/example_trigger_target_dag.py                                                        1           0  0.21s           2025-09-09T04:49:14
/home/sparshgoyal/airflow_weather/venv/lib/python3.12/site-packages/airflow/example_dags/tutorial.py                                                                          1           0  0.21s           2025-09-09T04:49:10
/home/sparshgoyal/airflow_weather/venv/lib/python3.12/site-packages/airflow/example_dags/example_python_decorator.py                                                          1           0  0.21s           2025-09-09T04:49:32
/home/sparshgoyal/airflow_weather/venv/lib/python3.12/site-packages/airflow/example_dags/example_sensor_decorator.py                                                          1           0  0.21s           2025-09-09T04:49:29
/home/sparshgoyal/airflow_weather/venv/lib/python3.12/site-packages/airflow/example_dags/example_python_operator.py                                                           1           0  0.21s           2025-09-09T04:49:31
/home/sparshgoyal/airflow_weather/venv/lib/python3.12/site-packages/airflow/example_dags/example_sensors.py                                                                   1           0  0.21s           2025-09-09T04:49:29
/home/sparshgoyal/airflow_weather/venv/lib/python3.12/site-packages/airflow/example_dags/example_sla_dag.py                                                                   1           0  0.21s           2025-09-09T04:49:21
/home/sparshgoyal/airflow_weather/venv/lib/python3.12/site-packages/airflow/example_dags/example_latest_only_with_trigger.py                                                  1           0  0.21s           2025-09-09T04:49:47
/home/sparshgoyal/airflow_weather/venv/lib/python3.12/site-packages/airflow/example_dags/example_bash_operator.py                                                             1           0  0.21s           2025-09-09T04:50:06
/home/sparshgoyal/airflow_weather/venv/lib/python3.12/site-packages/airflow/example_dags/example_passing_params_via_test_command.py                                           1           0  0.21s           2025-09-09T04:49:33
/home/sparshgoyal/airflow_weather/venv/lib/python3.12/site-packages/airflow/example_dags/example_display_name.py                                                              1           0  0.21s           2025-09-09T04:49:53
/home/sparshgoyal/airflow_weather/venv/lib/python3.12/site-packages/airflow/example_dags/example_branch_labels.py                                                             1           0  0.21s           2025-09-09T04:50:02
/home/sparshgoyal/airflow_weather/venv/lib/python3.12/site-packages/airflow/example_dags/example_trigger_controller_dag.py                                                    1           0  0.21s           2025-09-09T04:49:15
/home/sparshgoyal/airflow_weather/venv/lib/python3.12/site-packages/airflow/example_dags/tutorial_dag.py                                                                      1           0  0.21s           2025-09-09T04:49:08
/home/sparshgoyal/airflow_weather/venv/lib/python3.12/site-packages/airflow/example_dags/example_external_task_marker_dag.py                                                  2           0  0.21s           2025-09-09T04:49:49
/home/sparshgoyal/airflow_weather/venv/lib/python3.12/site-packages/airflow/example_dags/example_time_delta_sensor_async.py                                                   1           0  0.21s           2025-09-09T04:49:16
/home/sparshgoyal/airflow_weather/venv/lib/python3.12/site-packages/airflow/example_dags/example_latest_only.py                                                               1           0  0.21s           2025-09-09T04:49:48
/home/sparshgoyal/airflow_weather/venv/lib/python3.12/site-packages/airflow/example_dags/tutorial_objectstorage.py                                                            1           0  0.21s           2025-09-09T04:49:07
/home/sparshgoyal/airflow_weather/venv/lib/python3.12/site-packages/airflow/example_dags/example_complex.py                                                                   1           0  0.21s           2025-09-09T04:49:58
/home/sparshgoyal/airflow_weather/venv/lib/python3.12/site-packages/airflow/example_dags/plugins/decreasing_priority_weight_strategy.py                                       0           0  0.11s           2025-09-09T04:49:40
/home/sparshgoyal/airflow_weather/venv/lib/python3.12/site-packages/airflow/example_dags/example_branch_operator_decorator.py                                                 0           0  0.11s           2025-09-09T04:50:00
/home/sparshgoyal/airflow_weather/venv/lib/python3.12/site-packages/airflow/example_dags/plugins/workday.py                                                                   0           0  0.11s           2025-09-09T04:50:10
/home/sparshgoyal/airflow_weather/venv/lib/python3.12/site-packages/airflow/example_dags/example_kubernetes_executor.py                                                       0           0  0.11s           2025-09-09T04:49:49
/home/sparshgoyal/airflow_weather/venv/lib/python3.12/site-packages/airflow/example_dags/subdags/subdag.py                                                                    0           0  0.11s           2025-09-09T04:50:09
/home/sparshgoyal/airflow_weather/venv/lib/python3.12/site-packages/airflow/example_dags/example_branch_operator.py                                                           0           0  0.11s           2025-09-09T04:50:01
/home/sparshgoyal/airflow_weather/venv/lib/python3.12/site-packages/airflow/example_dags/plugins/event_listener.py                                                            0           0  0.11s           2025-09-09T04:49:39
/home/sparshgoyal/airflow_weather/venv/lib/python3.12/site-packages/airflow/example_dags/plugins/listener_plugin.py                                                           0           0  0.11s           2025-09-09T04:50:11
/home/sparshgoyal/airflow_weather/venv/lib/python3.12/site-packages/airflow/example_dags/example_local_kubernetes_executor.py                                                 0           0  0.11s           2025-09-09T04:49:45
/home/sparshgoyal/airflow_weather/venv/lib/python3.12/site-packages/airflow/example_dags/tutorial_taskflow_api_virtualenv.py                                                  0           0  0.11s           2025-09-09T04:49:41
================================================================================
[2025-09-09T10:20:42.316+0530] {manager.py:878} INFO - 
================================================================================
DAG File Processing Stats

File Path                                                                                                                                            PID    Runtime      # DAGs    # Errors  Last Runtime    Last Run
---------------------------------------------------------------------------------------------------------------------------------------------------  -----  ---------  --------  ----------  --------------  -------------------
/home/sparshgoyal/airflow_weather/venv/lib/python3.12/site-packages/airflow/example_dags/example_dag_decorator.py                                                             1           0  0.51s           2025-09-09T04:49:56
/home/sparshgoyal/airflow_weather/venv/lib/python3.12/site-packages/airflow/example_dags/example_datasets.py                                                                 10           0  0.41s           2025-09-09T04:49:55
/home/sparshgoyal/airflow_weather/venv/lib/python3.12/site-packages/airflow/example_dags/example_dynamic_task_mapping.py                                                      1           0  0.41s           2025-09-09T04:49:52
/home/sparshgoyal/airflow_weather/venv/lib/python3.12/site-packages/airflow/example_dags/example_branch_python_dop_operator_3.py                                              1           0  0.31s           2025-09-09T04:49:59
/home/sparshgoyal/airflow_weather/venv/lib/python3.12/site-packages/airflow/example_dags/example_branch_datetime_operator.py                                                  3           0  0.31s           2025-09-09T04:50:04
/home/sparshgoyal/airflow_weather/venv/lib/python3.12/site-packages/airflow/example_dags/example_params_ui_tutorial.py                                                        1           0  0.31s           2025-09-09T04:50:38
/home/sparshgoyal/airflow_weather/venv/lib/python3.12/site-packages/airflow/example_dags/example_params_trigger_ui.py                                                         1           0  0.31s           2025-09-09T04:49:43
/home/sparshgoyal/airflow_weather/venv/lib/python3.12/site-packages/airflow/example_dags/example_sla_dag.py                                                                   1           0  0.31s           2025-09-09T04:50:26
/home/sparshgoyal/airflow_weather/venv/lib/python3.12/site-packages/airflow/example_dags/example_trigger_controller_dag.py                                                    1           0  0.30s           2025-09-09T04:50:20
/home/sparshgoyal/airflow_weather/venv/lib/python3.12/site-packages/airflow/example_dags/example_task_group.py                                                                1           0  0.21s           2025-09-09T04:50:23
/home/sparshgoyal/airflow_weather/venv/lib/python3.12/site-packages/airflow/example_dags/example_nested_branch_dag.py                                                         1           0  0.21s           2025-09-09T04:49:44
/home/sparshgoyal/airflow_weather/venv/lib/python3.12/site-packages/airflow/example_dags/example_task_group_decorator.py                                                      1           0  0.21s           2025-09-09T04:50:23
/home/sparshgoyal/airflow_weather/venv/lib/python3.12/site-packages/airflow/example_dags/example_subdag_operator.py                                                           3           0  0.21s           2025-09-09T04:50:25
/home/sparshgoyal/airflow_weather/venv/lib/python3.12/site-packages/airflow/example_dags/example_sensors.py                                                                   1           0  0.21s           2025-09-09T04:50:32
/home/sparshgoyal/airflow_weather/venv/lib/python3.12/site-packages/airflow/example_dags/tutorial.py                                                                          1           0  0.21s           2025-09-09T04:50:15
/home/sparshgoyal/airflow_weather/venv/lib/python3.12/site-packages/airflow/example_dags/example_short_circuit_decorator.py                                                   1           0  0.21s           2025-09-09T04:50:29
/home/sparshgoyal/airflow_weather/venv/lib/python3.12/site-packages/airflow/example_dags/example_time_delta_sensor_async.py                                                   1           0  0.21s           2025-09-09T04:50:22
/home/sparshgoyal/airflow_weather/venv/lib/python3.12/site-packages/airflow/example_dags/example_python_decorator.py                                                          1           0  0.21s           2025-09-09T04:50:36
/home/sparshgoyal/airflow_weather/venv/lib/python3.12/site-packages/airflow/example_dags/example_python_operator.py                                                           1           0  0.21s           2025-09-09T04:50:34
/home/sparshgoyal/airflow_weather/venv/lib/python3.12/site-packages/airflow/example_dags/example_sensor_decorator.py                                                          1           0  0.21s           2025-09-09T04:50:33
/home/sparshgoyal/airflow_weather/venv/lib/python3.12/site-packages/airflow/example_dags/example_bash_decorator.py                                                            1           0  0.21s           2025-09-09T04:50:07
/home/sparshgoyal/airflow_weather/venv/lib/python3.12/site-packages/airflow/example_dags/example_setup_teardown_taskflow.py                                                   1           0  0.21s           2025-09-09T04:50:30
/home/sparshgoyal/airflow_weather/venv/lib/python3.12/site-packages/airflow/example_dags/example_dynamic_task_mapping_with_no_taskflow_operators.py                           1           0  0.21s           2025-09-09T04:49:51
/home/sparshgoyal/airflow_weather/venv/lib/python3.12/site-packages/airflow/example_dags/example_xcomargs.py                                                                  2           0  0.21s           2025-09-09T04:50:17
/home/sparshgoyal/airflow_weather/venv/lib/python3.12/site-packages/airflow/example_dags/example_branch_day_of_week_operator.py                                               1           0  0.21s           2025-09-09T04:50:03
/home/sparshgoyal/airflow_weather/venv/lib/python3.12/site-packages/airflow/example_dags/tutorial_taskflow_api.py                                                             1           0  0.21s           2025-09-09T04:50:12
/home/sparshgoyal/airflow_weather/venv/lib/python3.12/site-packages/airflow/example_dags/tutorial_dag.py                                                                      1           0  0.21s           2025-09-09T04:50:14
/home/sparshgoyal/airflow_weather/venv/lib/python3.12/site-packages/airflow/example_dags/example_latest_only_with_trigger.py                                                  1           0  0.21s           2025-09-09T04:49:47
/home/sparshgoyal/airflow_weather/venv/lib/python3.12/site-packages/airflow/example_dags/example_setup_teardown.py                                                            1           0  0.21s           2025-09-09T04:50:30
/home/sparshgoyal/airflow_weather/venv/lib/python3.12/site-packages/airflow/example_dags/tutorial_objectstorage.py                                                            1           0  0.21s           2025-09-09T04:50:13
/home/sparshgoyal/airflow_weather/venv/lib/python3.12/site-packages/airflow/example_dags/example_trigger_target_dag.py                                                        1           0  0.21s           2025-09-09T04:50:19
/home/sparshgoyal/airflow_weather/venv/lib/python3.12/site-packages/airflow/example_dags/example_bash_operator.py                                                             1           0  0.21s           2025-09-09T04:50:06
/home/sparshgoyal/airflow_weather/venv/lib/python3.12/site-packages/airflow/example_dags/example_display_name.py                                                              1           0  0.21s           2025-09-09T04:49:53
/home/sparshgoyal/airflow_weather/venv/lib/python3.12/site-packages/airflow/example_dags/example_branch_labels.py                                                             1           0  0.21s           2025-09-09T04:50:02
/home/sparshgoyal/airflow_weather/venv/lib/python3.12/site-packages/airflow/example_dags/example_passing_params_via_test_command.py                                           1           0  0.21s           2025-09-09T04:50:37
/home/sparshgoyal/airflow_weather/venv/lib/python3.12/site-packages/airflow/example_dags/example_skip_dag.py                                                                  1           0  0.21s           2025-09-09T04:50:27
/home/sparshgoyal/airflow_weather/venv/lib/python3.12/site-packages/airflow/example_dags/example_external_task_marker_dag.py                                                  2           0  0.21s           2025-09-09T04:49:49
/home/sparshgoyal/airflow_weather/venv/lib/python3.12/site-packages/airflow/example_dags/example_latest_only.py                                                               1           0  0.21s           2025-09-09T04:49:48
/home/sparshgoyal/airflow_weather/venv/lib/python3.12/site-packages/airflow/example_dags/example_xcom.py                                                                      1           0  0.21s           2025-09-09T04:50:18
/home/sparshgoyal/airflow_weather/venv/lib/python3.12/site-packages/airflow/example_dags/example_short_circuit_operator.py                                                    1           0  0.21s           2025-09-09T04:50:28
/home/sparshgoyal/airflow_weather/venv/lib/python3.12/site-packages/airflow/example_dags/example_complex.py                                                                   1           0  0.21s           2025-09-09T04:49:58
/home/sparshgoyal/airflow_weather/venv/lib/python3.12/site-packages/airflow/example_dags/example_branch_operator_decorator.py                                                 0           0  0.11s           2025-09-09T04:50:00
/home/sparshgoyal/airflow_weather/venv/lib/python3.12/site-packages/airflow/example_dags/plugins/workday.py                                                                   0           0  0.11s           2025-09-09T04:50:10
/home/sparshgoyal/airflow_weather/venv/lib/python3.12/site-packages/airflow/example_dags/example_kubernetes_executor.py                                                       0           0  0.11s           2025-09-09T04:49:49
/home/sparshgoyal/airflow_weather/venv/lib/python3.12/site-packages/airflow/example_dags/example_branch_operator.py                                                           0           0  0.11s           2025-09-09T04:50:01
/home/sparshgoyal/airflow_weather/venv/lib/python3.12/site-packages/airflow/example_dags/plugins/listener_plugin.py                                                           0           0  0.11s           2025-09-09T04:50:11
/home/sparshgoyal/airflow_weather/venv/lib/python3.12/site-packages/airflow/example_dags/subdags/subdag.py                                                                    0           0  0.11s           2025-09-09T04:50:39
/home/sparshgoyal/airflow_weather/venv/lib/python3.12/site-packages/airflow/example_dags/plugins/event_listener.py                                                            0           0  0.11s           2025-09-09T04:50:41
/home/sparshgoyal/airflow_weather/venv/lib/python3.12/site-packages/airflow/example_dags/example_local_kubernetes_executor.py                                                 0           0  0.11s           2025-09-09T04:49:45
/home/sparshgoyal/airflow_weather/venv/lib/python3.12/site-packages/airflow/example_dags/tutorial_taskflow_api_virtualenv.py                                                  0           0  0.11s           2025-09-09T04:49:41
/home/sparshgoyal/airflow_weather/venv/lib/python3.12/site-packages/airflow/example_dags/plugins/decreasing_priority_weight_strategy.py                                       0           0  0.10s           2025-09-09T04:50:42
================================================================================
[2025-09-09T10:33:04.804+0530] {manager.py:452} INFO - Exiting gracefully upon receiving signal 15
