[2025-09-09T10:17:05.765+0530] {processor.py:161} INFO - Started process (PID=6047) to work on /home/sparshgoyal/airflow_weather/venv/lib/python3.12/site-packages/airflow/example_dags/subdags/subdag.py
[2025-09-09T10:17:05.766+0530] {processor.py:830} INFO - Processing file /home/sparshgoyal/airflow_weather/venv/lib/python3.12/site-packages/airflow/example_dags/subdags/subdag.py for tasks to queue
[2025-09-09T10:17:05.768+0530] {logging_mixin.py:188} INFO - [2025-09-09T10:17:05.767+0530] {dagbag.py:545} INFO - Filling up the DagBag from /home/sparshgoyal/airflow_weather/venv/lib/python3.12/site-packages/airflow/example_dags/subdags/subdag.py
[2025-09-09T10:17:05.770+0530] {processor.py:842} WARNING - No viable dags retrieved from /home/sparshgoyal/airflow_weather/venv/lib/python3.12/site-packages/airflow/example_dags/subdags/subdag.py
[2025-09-09T10:17:05.783+0530] {processor.py:183} INFO - Processing /home/sparshgoyal/airflow_weather/venv/lib/python3.12/site-packages/airflow/example_dags/subdags/subdag.py took 0.024 seconds
[2025-09-09T10:18:59.878+0530] {processor.py:161} INFO - Started process (PID=6312) to work on /home/sparshgoyal/airflow_weather/venv/lib/python3.12/site-packages/airflow/example_dags/subdags/subdag.py
[2025-09-09T10:18:59.894+0530] {processor.py:830} INFO - Processing file /home/sparshgoyal/airflow_weather/venv/lib/python3.12/site-packages/airflow/example_dags/subdags/subdag.py for tasks to queue
[2025-09-09T10:18:59.896+0530] {logging_mixin.py:188} INFO - [2025-09-09T10:18:59.895+0530] {dagbag.py:545} INFO - Filling up the DagBag from /home/sparshgoyal/airflow_weather/venv/lib/python3.12/site-packages/airflow/example_dags/subdags/subdag.py
[2025-09-09T10:18:59.899+0530] {processor.py:842} WARNING - No viable dags retrieved from /home/sparshgoyal/airflow_weather/venv/lib/python3.12/site-packages/airflow/example_dags/subdags/subdag.py
[2025-09-09T10:18:59.914+0530] {processor.py:183} INFO - Processing /home/sparshgoyal/airflow_weather/venv/lib/python3.12/site-packages/airflow/example_dags/subdags/subdag.py took 0.043 seconds
[2025-09-09T10:19:36.433+0530] {processor.py:161} INFO - Started process (PID=6351) to work on /home/sparshgoyal/airflow_weather/venv/lib/python3.12/site-packages/airflow/example_dags/subdags/subdag.py
[2025-09-09T10:19:36.454+0530] {processor.py:830} INFO - Processing file /home/sparshgoyal/airflow_weather/venv/lib/python3.12/site-packages/airflow/example_dags/subdags/subdag.py for tasks to queue
[2025-09-09T10:19:36.457+0530] {logging_mixin.py:188} INFO - [2025-09-09T10:19:36.456+0530] {dagbag.py:545} INFO - Filling up the DagBag from /home/sparshgoyal/airflow_weather/venv/lib/python3.12/site-packages/airflow/example_dags/subdags/subdag.py
[2025-09-09T10:19:36.460+0530] {processor.py:842} WARNING - No viable dags retrieved from /home/sparshgoyal/airflow_weather/venv/lib/python3.12/site-packages/airflow/example_dags/subdags/subdag.py
[2025-09-09T10:19:36.477+0530] {processor.py:183} INFO - Processing /home/sparshgoyal/airflow_weather/venv/lib/python3.12/site-packages/airflow/example_dags/subdags/subdag.py took 0.053 seconds
[2025-09-09T10:20:09.027+0530] {processor.py:161} INFO - Started process (PID=6390) to work on /home/sparshgoyal/airflow_weather/venv/lib/python3.12/site-packages/airflow/example_dags/subdags/subdag.py
[2025-09-09T10:20:09.040+0530] {processor.py:830} INFO - Processing file /home/sparshgoyal/airflow_weather/venv/lib/python3.12/site-packages/airflow/example_dags/subdags/subdag.py for tasks to queue
[2025-09-09T10:20:09.042+0530] {logging_mixin.py:188} INFO - [2025-09-09T10:20:09.042+0530] {dagbag.py:545} INFO - Filling up the DagBag from /home/sparshgoyal/airflow_weather/venv/lib/python3.12/site-packages/airflow/example_dags/subdags/subdag.py
[2025-09-09T10:20:09.045+0530] {processor.py:842} WARNING - No viable dags retrieved from /home/sparshgoyal/airflow_weather/venv/lib/python3.12/site-packages/airflow/example_dags/subdags/subdag.py
[2025-09-09T10:20:09.061+0530] {processor.py:183} INFO - Processing /home/sparshgoyal/airflow_weather/venv/lib/python3.12/site-packages/airflow/example_dags/subdags/subdag.py took 0.042 seconds
[2025-09-09T10:20:39.811+0530] {processor.py:161} INFO - Started process (PID=6424) to work on /home/sparshgoyal/airflow_weather/venv/lib/python3.12/site-packages/airflow/example_dags/subdags/subdag.py
[2025-09-09T10:20:39.812+0530] {processor.py:830} INFO - Processing file /home/sparshgoyal/airflow_weather/venv/lib/python3.12/site-packages/airflow/example_dags/subdags/subdag.py for tasks to queue
[2025-09-09T10:20:39.814+0530] {logging_mixin.py:188} INFO - [2025-09-09T10:20:39.814+0530] {dagbag.py:545} INFO - Filling up the DagBag from /home/sparshgoyal/airflow_weather/venv/lib/python3.12/site-packages/airflow/example_dags/subdags/subdag.py
[2025-09-09T10:20:39.817+0530] {processor.py:842} WARNING - No viable dags retrieved from /home/sparshgoyal/airflow_weather/venv/lib/python3.12/site-packages/airflow/example_dags/subdags/subdag.py
[2025-09-09T10:20:39.832+0530] {processor.py:183} INFO - Processing /home/sparshgoyal/airflow_weather/venv/lib/python3.12/site-packages/airflow/example_dags/subdags/subdag.py took 0.031 seconds
