[2025-09-09T10:17:10.611+0530] {processor.py:161} INFO - Started process (PID=6052) to work on /home/sparshgoyal/airflow_weather/venv/lib/python3.12/site-packages/airflow/example_dags/plugins/event_listener.py
[2025-09-09T10:17:10.612+0530] {processor.py:830} INFO - Processing file /home/sparshgoyal/airflow_weather/venv/lib/python3.12/site-packages/airflow/example_dags/plugins/event_listener.py for tasks to queue
[2025-09-09T10:17:10.614+0530] {logging_mixin.py:188} INFO - [2025-09-09T10:17:10.614+0530] {dagbag.py:545} INFO - Filling up the DagBag from /home/sparshgoyal/airflow_weather/venv/lib/python3.12/site-packages/airflow/example_dags/plugins/event_listener.py
[2025-09-09T10:17:10.617+0530] {processor.py:842} WARNING - No viable dags retrieved from /home/sparshgoyal/airflow_weather/venv/lib/python3.12/site-packages/airflow/example_dags/plugins/event_listener.py
[2025-09-09T10:17:10.791+0530] {processor.py:183} INFO - Processing /home/sparshgoyal/airflow_weather/venv/lib/python3.12/site-packages/airflow/example_dags/plugins/event_listener.py took 0.186 seconds
[2025-09-09T10:19:03.321+0530] {processor.py:161} INFO - Started process (PID=6315) to work on /home/sparshgoyal/airflow_weather/venv/lib/python3.12/site-packages/airflow/example_dags/plugins/event_listener.py
[2025-09-09T10:19:03.334+0530] {processor.py:830} INFO - Processing file /home/sparshgoyal/airflow_weather/venv/lib/python3.12/site-packages/airflow/example_dags/plugins/event_listener.py for tasks to queue
[2025-09-09T10:19:03.337+0530] {logging_mixin.py:188} INFO - [2025-09-09T10:19:03.336+0530] {dagbag.py:545} INFO - Filling up the DagBag from /home/sparshgoyal/airflow_weather/venv/lib/python3.12/site-packages/airflow/example_dags/plugins/event_listener.py
[2025-09-09T10:19:03.341+0530] {processor.py:842} WARNING - No viable dags retrieved from /home/sparshgoyal/airflow_weather/venv/lib/python3.12/site-packages/airflow/example_dags/plugins/event_listener.py
[2025-09-09T10:19:03.358+0530] {processor.py:183} INFO - Processing /home/sparshgoyal/airflow_weather/venv/lib/python3.12/site-packages/airflow/example_dags/plugins/event_listener.py took 0.045 seconds
[2025-09-09T10:19:39.472+0530] {processor.py:161} INFO - Started process (PID=6356) to work on /home/sparshgoyal/airflow_weather/venv/lib/python3.12/site-packages/airflow/example_dags/plugins/event_listener.py
[2025-09-09T10:19:39.478+0530] {processor.py:830} INFO - Processing file /home/sparshgoyal/airflow_weather/venv/lib/python3.12/site-packages/airflow/example_dags/plugins/event_listener.py for tasks to queue
[2025-09-09T10:19:39.481+0530] {logging_mixin.py:188} INFO - [2025-09-09T10:19:39.480+0530] {dagbag.py:545} INFO - Filling up the DagBag from /home/sparshgoyal/airflow_weather/venv/lib/python3.12/site-packages/airflow/example_dags/plugins/event_listener.py
[2025-09-09T10:19:39.484+0530] {processor.py:842} WARNING - No viable dags retrieved from /home/sparshgoyal/airflow_weather/venv/lib/python3.12/site-packages/airflow/example_dags/plugins/event_listener.py
[2025-09-09T10:19:39.498+0530] {processor.py:183} INFO - Processing /home/sparshgoyal/airflow_weather/venv/lib/python3.12/site-packages/airflow/example_dags/plugins/event_listener.py took 0.035 seconds
[2025-09-09T10:20:41.065+0530] {processor.py:161} INFO - Started process (PID=6425) to work on /home/sparshgoyal/airflow_weather/venv/lib/python3.12/site-packages/airflow/example_dags/plugins/event_listener.py
[2025-09-09T10:20:41.082+0530] {processor.py:830} INFO - Processing file /home/sparshgoyal/airflow_weather/venv/lib/python3.12/site-packages/airflow/example_dags/plugins/event_listener.py for tasks to queue
[2025-09-09T10:20:41.086+0530] {logging_mixin.py:188} INFO - [2025-09-09T10:20:41.085+0530] {dagbag.py:545} INFO - Filling up the DagBag from /home/sparshgoyal/airflow_weather/venv/lib/python3.12/site-packages/airflow/example_dags/plugins/event_listener.py
[2025-09-09T10:20:41.089+0530] {processor.py:842} WARNING - No viable dags retrieved from /home/sparshgoyal/airflow_weather/venv/lib/python3.12/site-packages/airflow/example_dags/plugins/event_listener.py
[2025-09-09T10:20:41.107+0530] {processor.py:183} INFO - Processing /home/sparshgoyal/airflow_weather/venv/lib/python3.12/site-packages/airflow/example_dags/plugins/event_listener.py took 0.051 seconds
