[2025-09-09T10:17:08.151+0530] {processor.py:161} INFO - Started process (PID=6051) to work on /home/sparshgoyal/airflow_weather/venv/lib/python3.12/site-packages/airflow/example_dags/plugins/listener_plugin.py
[2025-09-09T10:17:08.152+0530] {processor.py:830} INFO - Processing file /home/sparshgoyal/airflow_weather/venv/lib/python3.12/site-packages/airflow/example_dags/plugins/listener_plugin.py for tasks to queue
[2025-09-09T10:17:08.154+0530] {logging_mixin.py:188} INFO - [2025-09-09T10:17:08.153+0530] {dagbag.py:545} INFO - Filling up the DagBag from /home/sparshgoyal/airflow_weather/venv/lib/python3.12/site-packages/airflow/example_dags/plugins/listener_plugin.py
[2025-09-09T10:17:08.157+0530] {processor.py:842} WARNING - No viable dags retrieved from /home/sparshgoyal/airflow_weather/venv/lib/python3.12/site-packages/airflow/example_dags/plugins/listener_plugin.py
[2025-09-09T10:17:08.170+0530] {processor.py:183} INFO - Processing /home/sparshgoyal/airflow_weather/venv/lib/python3.12/site-packages/airflow/example_dags/plugins/listener_plugin.py took 0.026 seconds
[2025-09-09T10:19:02.223+0530] {processor.py:161} INFO - Started process (PID=6314) to work on /home/sparshgoyal/airflow_weather/venv/lib/python3.12/site-packages/airflow/example_dags/plugins/listener_plugin.py
[2025-09-09T10:19:02.236+0530] {processor.py:830} INFO - Processing file /home/sparshgoyal/airflow_weather/venv/lib/python3.12/site-packages/airflow/example_dags/plugins/listener_plugin.py for tasks to queue
[2025-09-09T10:19:02.238+0530] {logging_mixin.py:188} INFO - [2025-09-09T10:19:02.238+0530] {dagbag.py:545} INFO - Filling up the DagBag from /home/sparshgoyal/airflow_weather/venv/lib/python3.12/site-packages/airflow/example_dags/plugins/listener_plugin.py
[2025-09-09T10:19:02.254+0530] {processor.py:842} WARNING - No viable dags retrieved from /home/sparshgoyal/airflow_weather/venv/lib/python3.12/site-packages/airflow/example_dags/plugins/listener_plugin.py
[2025-09-09T10:19:02.271+0530] {processor.py:183} INFO - Processing /home/sparshgoyal/airflow_weather/venv/lib/python3.12/site-packages/airflow/example_dags/plugins/listener_plugin.py took 0.057 seconds
[2025-09-09T10:19:38.775+0530] {processor.py:161} INFO - Started process (PID=6355) to work on /home/sparshgoyal/airflow_weather/venv/lib/python3.12/site-packages/airflow/example_dags/plugins/listener_plugin.py
[2025-09-09T10:19:38.788+0530] {processor.py:830} INFO - Processing file /home/sparshgoyal/airflow_weather/venv/lib/python3.12/site-packages/airflow/example_dags/plugins/listener_plugin.py for tasks to queue
[2025-09-09T10:19:38.791+0530] {logging_mixin.py:188} INFO - [2025-09-09T10:19:38.790+0530] {dagbag.py:545} INFO - Filling up the DagBag from /home/sparshgoyal/airflow_weather/venv/lib/python3.12/site-packages/airflow/example_dags/plugins/listener_plugin.py
[2025-09-09T10:19:38.795+0530] {processor.py:842} WARNING - No viable dags retrieved from /home/sparshgoyal/airflow_weather/venv/lib/python3.12/site-packages/airflow/example_dags/plugins/listener_plugin.py
[2025-09-09T10:19:38.810+0530] {processor.py:183} INFO - Processing /home/sparshgoyal/airflow_weather/venv/lib/python3.12/site-packages/airflow/example_dags/plugins/listener_plugin.py took 0.043 seconds
[2025-09-09T10:20:11.383+0530] {processor.py:161} INFO - Started process (PID=6392) to work on /home/sparshgoyal/airflow_weather/venv/lib/python3.12/site-packages/airflow/example_dags/plugins/listener_plugin.py
[2025-09-09T10:20:11.384+0530] {processor.py:830} INFO - Processing file /home/sparshgoyal/airflow_weather/venv/lib/python3.12/site-packages/airflow/example_dags/plugins/listener_plugin.py for tasks to queue
[2025-09-09T10:20:11.386+0530] {logging_mixin.py:188} INFO - [2025-09-09T10:20:11.386+0530] {dagbag.py:545} INFO - Filling up the DagBag from /home/sparshgoyal/airflow_weather/venv/lib/python3.12/site-packages/airflow/example_dags/plugins/listener_plugin.py
[2025-09-09T10:20:11.390+0530] {processor.py:842} WARNING - No viable dags retrieved from /home/sparshgoyal/airflow_weather/venv/lib/python3.12/site-packages/airflow/example_dags/plugins/listener_plugin.py
[2025-09-09T10:20:11.403+0530] {processor.py:183} INFO - Processing /home/sparshgoyal/airflow_weather/venv/lib/python3.12/site-packages/airflow/example_dags/plugins/listener_plugin.py took 0.029 seconds
