[2025-09-09T10:17:06.967+0530] {processor.py:161} INFO - Started process (PID=6049) to work on /home/sparshgoyal/airflow_weather/venv/lib/python3.12/site-packages/airflow/example_dags/plugins/workday.py
[2025-09-09T10:17:06.968+0530] {processor.py:830} INFO - Processing file /home/sparshgoyal/airflow_weather/venv/lib/python3.12/site-packages/airflow/example_dags/plugins/workday.py for tasks to queue
[2025-09-09T10:17:06.970+0530] {logging_mixin.py:188} INFO - [2025-09-09T10:17:06.969+0530] {dagbag.py:545} INFO - Filling up the DagBag from /home/sparshgoyal/airflow_weather/venv/lib/python3.12/site-packages/airflow/example_dags/plugins/workday.py
[2025-09-09T10:17:06.973+0530] {logging_mixin.py:188} INFO - [2025-09-09T10:17:06.973+0530] {workday.py:41} WARNING - Could not import pandas. Holidays will not be considered.
[2025-09-09T10:17:06.973+0530] {processor.py:842} WARNING - No viable dags retrieved from /home/sparshgoyal/airflow_weather/venv/lib/python3.12/site-packages/airflow/example_dags/plugins/workday.py
[2025-09-09T10:17:06.986+0530] {processor.py:183} INFO - Processing /home/sparshgoyal/airflow_weather/venv/lib/python3.12/site-packages/airflow/example_dags/plugins/workday.py took 0.026 seconds
[2025-09-09T10:19:01.042+0530] {processor.py:161} INFO - Started process (PID=6313) to work on /home/sparshgoyal/airflow_weather/venv/lib/python3.12/site-packages/airflow/example_dags/plugins/workday.py
[2025-09-09T10:19:01.052+0530] {processor.py:830} INFO - Processing file /home/sparshgoyal/airflow_weather/venv/lib/python3.12/site-packages/airflow/example_dags/plugins/workday.py for tasks to queue
[2025-09-09T10:19:01.054+0530] {logging_mixin.py:188} INFO - [2025-09-09T10:19:01.054+0530] {dagbag.py:545} INFO - Filling up the DagBag from /home/sparshgoyal/airflow_weather/venv/lib/python3.12/site-packages/airflow/example_dags/plugins/workday.py
[2025-09-09T10:19:01.071+0530] {logging_mixin.py:188} INFO - [2025-09-09T10:19:01.070+0530] {workday.py:41} WARNING - Could not import pandas. Holidays will not be considered.
[2025-09-09T10:19:01.071+0530] {processor.py:842} WARNING - No viable dags retrieved from /home/sparshgoyal/airflow_weather/venv/lib/python3.12/site-packages/airflow/example_dags/plugins/workday.py
[2025-09-09T10:19:01.092+0530] {processor.py:183} INFO - Processing /home/sparshgoyal/airflow_weather/venv/lib/python3.12/site-packages/airflow/example_dags/plugins/workday.py took 0.058 seconds
[2025-09-09T10:19:37.585+0530] {processor.py:161} INFO - Started process (PID=6353) to work on /home/sparshgoyal/airflow_weather/venv/lib/python3.12/site-packages/airflow/example_dags/plugins/workday.py
[2025-09-09T10:19:37.586+0530] {processor.py:830} INFO - Processing file /home/sparshgoyal/airflow_weather/venv/lib/python3.12/site-packages/airflow/example_dags/plugins/workday.py for tasks to queue
[2025-09-09T10:19:37.588+0530] {logging_mixin.py:188} INFO - [2025-09-09T10:19:37.588+0530] {dagbag.py:545} INFO - Filling up the DagBag from /home/sparshgoyal/airflow_weather/venv/lib/python3.12/site-packages/airflow/example_dags/plugins/workday.py
[2025-09-09T10:19:37.592+0530] {logging_mixin.py:188} INFO - [2025-09-09T10:19:37.591+0530] {workday.py:41} WARNING - Could not import pandas. Holidays will not be considered.
[2025-09-09T10:19:37.592+0530] {processor.py:842} WARNING - No viable dags retrieved from /home/sparshgoyal/airflow_weather/venv/lib/python3.12/site-packages/airflow/example_dags/plugins/workday.py
[2025-09-09T10:19:37.606+0530] {processor.py:183} INFO - Processing /home/sparshgoyal/airflow_weather/venv/lib/python3.12/site-packages/airflow/example_dags/plugins/workday.py took 0.027 seconds
[2025-09-09T10:20:10.209+0530] {processor.py:161} INFO - Started process (PID=6391) to work on /home/sparshgoyal/airflow_weather/venv/lib/python3.12/site-packages/airflow/example_dags/plugins/workday.py
[2025-09-09T10:20:10.210+0530] {processor.py:830} INFO - Processing file /home/sparshgoyal/airflow_weather/venv/lib/python3.12/site-packages/airflow/example_dags/plugins/workday.py for tasks to queue
[2025-09-09T10:20:10.212+0530] {logging_mixin.py:188} INFO - [2025-09-09T10:20:10.212+0530] {dagbag.py:545} INFO - Filling up the DagBag from /home/sparshgoyal/airflow_weather/venv/lib/python3.12/site-packages/airflow/example_dags/plugins/workday.py
[2025-09-09T10:20:10.216+0530] {logging_mixin.py:188} INFO - [2025-09-09T10:20:10.215+0530] {workday.py:41} WARNING - Could not import pandas. Holidays will not be considered.
[2025-09-09T10:20:10.216+0530] {processor.py:842} WARNING - No viable dags retrieved from /home/sparshgoyal/airflow_weather/venv/lib/python3.12/site-packages/airflow/example_dags/plugins/workday.py
[2025-09-09T10:20:10.230+0530] {processor.py:183} INFO - Processing /home/sparshgoyal/airflow_weather/venv/lib/python3.12/site-packages/airflow/example_dags/plugins/workday.py took 0.029 seconds
